1480438784,,ui,say,amazon-ebs output will be in this color.
1480438784,,ui,say,
1480438784,,ui,say,==> amazon-ebs: Prevalidating AMI Name...
1480438785,,ui,message,    amazon-ebs: Found Image ID: ami-01b42b72
1480438785,,ui,say,==> amazon-ebs: Creating temporary keypair: packer_583db400-eaea-2951-e633-196407f766cb
1480438785,,ui,say,==> amazon-ebs: Creating temporary security group for this instance...
1480438785,,ui,say,==> amazon-ebs: Authorizing access to port 22 the temporary security group...
1480438786,,ui,say,==> amazon-ebs: Launching a source AWS instance...
1480438787,,ui,message,    amazon-ebs: Instance ID: i-fc043214
1480438787,,ui,say,==> amazon-ebs: Waiting for instance (i-fc043214) to become ready...
1480438810,,ui,say,==> amazon-ebs: Waiting for SSH to become available...
1480438869,,ui,say,==> amazon-ebs: Connected to SSH!
1480438869,,ui,say,==> amazon-ebs: Provisioning with chef-solo
1480438869,,ui,message,    amazon-ebs: Installing Chef...
1480438871,,ui,message,    amazon-ebs: % Total    % Received % Xferd  Average Speed   Time    Time     Time  Current
1480438871,,ui,message,    amazon-ebs: Dload  Upload   Total   Spent    Left  Speed
1480438873,,ui,message,    amazon-ebs: 100 20500  100 20500    0     0  15220      0  0:00:01  0:00:01 --:--:-- 15230
1480438873,,ui,message,    amazon-ebs: ubuntu 14.04 x86_64
1480438873,,ui,message,    amazon-ebs: Getting information for chef stable  for ubuntu...
1480438873,,ui,message,    amazon-ebs: downloading https://omnitruck.chef.io/stable/chef/metadata?v=&p=ubuntu&pv=14.04&m=x86_64
1480438873,,ui,message,    amazon-ebs: to file /tmp/install.sh.1153/metadata.txt
1480438873,,ui,message,    amazon-ebs: trying wget...
1480438874,,ui,message,    amazon-ebs: sha1	e720803538b5db3cc9924121e3aa9e5a7a03cf79
1480438874,,ui,message,    amazon-ebs: sha256	48e574a90ed653e1fcc3efacf89ad447273dece6b8c41f5376acebbb17909034
1480438874,,ui,message,    amazon-ebs: url	https://packages.chef.io/files/stable/chef/12.16.42/ubuntu/14.04/chef_12.16.42-1_amd64.deb
1480438874,,ui,message,    amazon-ebs: version	12.16.42
1480438874,,ui,message,    amazon-ebs: downloaded metadata file looks valid...
1480438874,,ui,message,    amazon-ebs: downloading https://packages.chef.io/files/stable/chef/12.16.42/ubuntu/14.04/chef_12.16.42-1_amd64.deb
1480438874,,ui,message,    amazon-ebs: to file /tmp/install.sh.1153/chef_12.16.42-1_amd64.deb
1480438874,,ui,message,    amazon-ebs: trying wget...
1480438875,,ui,message,    amazon-ebs: Comparing checksum with sha256sum...
1480438876,,ui,message,    amazon-ebs:
1480438876,,ui,message,    amazon-ebs: WARNING WARNING WARNING WARNING WARNING WARNING WARNING WARNING WARNING
1480438876,,ui,message,    amazon-ebs:
1480438876,,ui,message,    amazon-ebs: You are installing an omnibus package without a version pin.  If you are installing
1480438876,,ui,message,    amazon-ebs: on production servers via an automated process this is DANGEROUS and you will
1480438876,,ui,message,    amazon-ebs: be upgraded without warning on new releases%!(PACKER_COMMA) even to new major releases.
1480438876,,ui,message,    amazon-ebs: Letting the version float is only appropriate in desktop%!(PACKER_COMMA) test%!(PACKER_COMMA) development or
1480438876,,ui,message,    amazon-ebs: CI/CD environments.
1480438876,,ui,message,    amazon-ebs:
1480438876,,ui,message,    amazon-ebs: WARNING WARNING WARNING WARNING WARNING WARNING WARNING WARNING WARNING
1480438876,,ui,message,    amazon-ebs:
1480438876,,ui,message,    amazon-ebs: Installing chef
1480438876,,ui,message,    amazon-ebs: installing with dpkg...
1480438915,,ui,message,    amazon-ebs: (Reading database ... 65196 files and directories currently installed.)
1480438915,,ui,message,    amazon-ebs: Preparing to unpack .../chef_12.16.42-1_amd64.deb ...
1480438915,,ui,message,    amazon-ebs: Unpacking chef (12.16.42-1) over (12.11.18-1) ...
1480438940,,ui,message,    amazon-ebs: Setting up chef (12.16.42-1) ...
1480438940,,ui,message,    amazon-ebs: Thank you for installing Chef!
1480438941,,ui,message,    amazon-ebs: Creating directory: /cookbooks
1480438941,,ui,message,    amazon-ebs: Creating directory: /cookbooks/cookbooks-0
1480438963,,ui,message,    amazon-ebs: Creating configuration file 'solo.rb'
1480438963,,ui,message,    amazon-ebs: Creating JSON attribute file
1480438963,,ui,message,    amazon-ebs: Executing Chef: sudo chef-solo --no-color -c /cookbooks/solo.rb -j /cookbooks/node.json
1480438964,,ui,message,    amazon-ebs: [2016-11-29T17:02:45+00:00] INFO: Started chef-zero at chefzero://localhost:8889 with repository at /cookbooks
1480438964,,ui,message,    amazon-ebs: One version per cookbook
1480438964,,ui,message,    amazon-ebs:
1480438964,,ui,message,    amazon-ebs: [2016-11-29T17:02:45+00:00] INFO: Forking chef instance to converge...
1480438964,,ui,message,    amazon-ebs: [2016-11-29T17:02:45+00:00] INFO: *** Chef 12.16.42 ***
1480438964,,ui,message,    amazon-ebs: [2016-11-29T17:02:45+00:00] INFO: Platform: x86_64-linux
1480438964,,ui,message,    amazon-ebs: [2016-11-29T17:02:45+00:00] INFO: Chef-client pid: 1430
1480438965,,ui,message,    amazon-ebs: [2016-11-29T17:02:46+00:00] INFO: HTTP Request Returned 404 Not Found: Object not found: chefzero://localhost:8889/nodes/ip-172-31-11-230.eu-west-1.compute.internal
1480438965,,ui,message,    amazon-ebs: [2016-11-29T17:02:46+00:00] INFO: Setting the run_list to ["gocd-server::default"] from CLI options
1480438965,,ui,message,    amazon-ebs: [2016-11-29T17:02:46+00:00] INFO: Run List is [recipe[gocd-server::default]]
1480438965,,ui,message,    amazon-ebs: [2016-11-29T17:02:46+00:00] INFO: Run List expands to [gocd-server::default]
1480438965,,ui,message,    amazon-ebs: [2016-11-29T17:02:46+00:00] INFO: Starting Chef Run for ip-172-31-11-230.eu-west-1.compute.internal
1480438965,,ui,message,    amazon-ebs: [2016-11-29T17:02:46+00:00] INFO: Running start handlers
1480438965,,ui,message,    amazon-ebs: [2016-11-29T17:02:46+00:00] INFO: Start handlers complete.
1480438965,,ui,message,    amazon-ebs: [2016-11-29T17:02:46+00:00] INFO: HTTP Request Returned 404 Not Found: Object not found:
1480438966,,ui,message,    amazon-ebs: [2016-11-29T17:02:46+00:00] INFO: Loading cookbooks [gocd-server@0.1.5%!(PACKER_COMMA) gocd@1.3.0%!(PACKER_COMMA) apt@5.0.0%!(PACKER_COMMA) java@1.42.0%!(PACKER_COMMA) yum@4.1.0%!(PACKER_COMMA) windows@2.1.1%!(PACKER_COMMA) compat_resource@12.16.2%!(PACKER_COMMA) homebrew@2.1.2%!(PACKER_COMMA) ohai@4.2.2%!(PACKER_COMMA) build-essential@7.0.2%!(PACKER_COMMA) seven_zip@2.0.2%!(PACKER_COMMA) mingw@1.2.4]
1480438966,,ui,message,    amazon-ebs: [2016-11-29T17:02:46+00:00] INFO: Removing cookbooks/chef_handler/CONTRIBUTING.md from the cache; its cookbook is no longer needed on this client.
1480438966,,ui,message,    amazon-ebs: [2016-11-29T17:02:46+00:00] INFO: Removing cookbooks/chef_handler/metadata.json from the cache; its cookbook is no longer needed on this client.
1480438966,,ui,message,    amazon-ebs: [2016-11-29T17:02:46+00:00] INFO: Removing cookbooks/chef_handler/README.md from the cache; its cookbook is no longer needed on this client.
1480438966,,ui,message,    amazon-ebs: [2016-11-29T17:02:46+00:00] INFO: Removing cookbooks/chef_handler/resources/default.rb from the cache; its cookbook is no longer needed on this client.
1480438966,,ui,message,    amazon-ebs: [2016-11-29T17:02:46+00:00] INFO: Removing cookbooks/chef_handler/attributes/default.rb from the cache; its cookbook is no longer needed on this client.
1480438966,,ui,message,    amazon-ebs: [2016-11-29T17:02:46+00:00] INFO: Removing cookbooks/chef_handler/libraries/helpers.rb from the cache; its cookbook is no longer needed on this client.
1480438966,,ui,message,    amazon-ebs: [2016-11-29T17:02:46+00:00] INFO: Removing cookbooks/chef_handler/libraries/matchers.rb from the cache; its cookbook is no longer needed on this client.
1480438966,,ui,message,    amazon-ebs: [2016-11-29T17:02:46+00:00] INFO: Removing cookbooks/chef_handler/providers/default.rb from the cache; its cookbook is no longer needed on this client.
1480438966,,ui,message,    amazon-ebs: [2016-11-29T17:02:46+00:00] INFO: Removing cookbooks/chef_handler/files/default/handlers/README from the cache; its cookbook is no longer needed on this client.
1480438966,,ui,message,    amazon-ebs: [2016-11-29T17:02:46+00:00] INFO: Removing cookbooks/chef_handler/CHANGELOG.md from the cache; its cookbook is no longer needed on this client.
1480438966,,ui,message,    amazon-ebs: [2016-11-29T17:02:46+00:00] INFO: Removing cookbooks/chef_handler/MAINTAINERS.md from the cache; its cookbook is no longer needed on this client.
1480438966,,ui,message,    amazon-ebs: [2016-11-29T17:02:46+00:00] INFO: Removing cookbooks/chef_handler/recipes/default.rb from the cache; its cookbook is no longer needed on this client.
1480438966,,ui,message,    amazon-ebs: [2016-11-29T17:02:46+00:00] INFO: Removing cookbooks/chef_handler/recipes/json_file.rb from the cache; its cookbook is no longer needed on this client.
1480438966,,ui,message,    amazon-ebs: [2016-11-29T17:02:46+00:00] INFO: Removing cookbooks/cron/CONTRIBUTING.md from the cache; its cookbook is no longer needed on this client.
1480438966,,ui,message,    amazon-ebs: [2016-11-29T17:02:46+00:00] INFO: Removing cookbooks/cron/metadata.json from the cache; its cookbook is no longer needed on this client.
1480438966,,ui,message,    amazon-ebs: [2016-11-29T17:02:46+00:00] INFO: Removing cookbooks/cron/README.md from the cache; its cookbook is no longer needed on this client.
1480438966,,ui,message,    amazon-ebs: [2016-11-29T17:02:46+00:00] INFO: Removing cookbooks/cron/resources/d.rb from the cache; its cookbook is no longer needed on this client.
1480438966,,ui,message,    amazon-ebs: [2016-11-29T17:02:46+00:00] INFO: Removing cookbooks/cron/attributes/default.rb from the cache; its cookbook is no longer needed on this client.
1480438966,,ui,message,    amazon-ebs: [2016-11-29T17:02:46+00:00] INFO: Removing cookbooks/cron/definitions/manage.rb from the cache; its cookbook is no longer needed on this client.
1480438966,,ui,message,    amazon-ebs: [2016-11-29T17:02:46+00:00] INFO: Removing cookbooks/cron/libraries/matchers.rb from the cache; its cookbook is no longer needed on this client.
1480438966,,ui,message,    amazon-ebs: [2016-11-29T17:02:46+00:00] INFO: Removing cookbooks/cron/providers/d.rb from the cache; its cookbook is no longer needed on this client.
1480438966,,ui,message,    amazon-ebs: [2016-11-29T17:02:46+00:00] INFO: Removing cookbooks/cron/templates/default/crontab.erb from the cache; its cookbook is no longer needed on this client.
1480438966,,ui,message,    amazon-ebs: [2016-11-29T17:02:46+00:00] INFO: Removing cookbooks/cron/templates/default/cron.d.erb from the cache; its cookbook is no longer needed on this client.
1480438966,,ui,message,    amazon-ebs: [2016-11-29T17:02:46+00:00] INFO: Removing cookbooks/cron/templates/default/cron_manage.erb from the cache; its cookbook is no longer needed on this client.
1480438966,,ui,message,    amazon-ebs: [2016-11-29T17:02:46+00:00] INFO: Removing cookbooks/cron/CHANGELOG.md from the cache; its cookbook is no longer needed on this client.
1480438966,,ui,message,    amazon-ebs: [2016-11-29T17:02:46+00:00] INFO: Removing cookbooks/cron/MAINTAINERS.md from the cache; its cookbook is no longer needed on this client.
1480438966,,ui,message,    amazon-ebs: [2016-11-29T17:02:46+00:00] INFO: Removing cookbooks/cron/recipes/default.rb from the cache; its cookbook is no longer needed on this client.
1480438966,,ui,message,    amazon-ebs: [2016-11-29T17:02:46+00:00] INFO: Removing cookbooks/chef-client/CONTRIBUTING.md from the cache; its cookbook is no longer needed on this client.
1480438966,,ui,message,    amazon-ebs: [2016-11-29T17:02:46+00:00] INFO: Removing cookbooks/chef-client/metadata.json from the cache; its cookbook is no longer needed on this client.
1480438966,,ui,message,    amazon-ebs: [2016-11-29T17:02:46+00:00] INFO: Removing cookbooks/chef-client/README.md from the cache; its cookbook is no longer needed on this client.
1480438966,,ui,message,    amazon-ebs: [2016-11-29T17:02:46+00:00] INFO: Removing cookbooks/chef-client/attributes/default.rb from the cache; its cookbook is no longer needed on this client.
1480438966,,ui,message,    amazon-ebs: [2016-11-29T17:02:46+00:00] INFO: Removing cookbooks/chef-client/libraries/helpers.rb from the cache; its cookbook is no longer needed on this client.
1480438966,,ui,message,    amazon-ebs: [2016-11-29T17:02:46+00:00] INFO: Removing cookbooks/chef-client/templates/arch/chef/chef-client.erb from the cache; its cookbook is no longer needed on this client.
1480438966,,ui,message,    amazon-ebs: [2016-11-29T17:02:46+00:00] INFO: Removing cookbooks/chef-client/templates/freebsd/chef-client.erb from the cache; its cookbook is no longer needed on this client.
1480438966,,ui,message,    amazon-ebs: [2016-11-29T17:02:46+00:00] INFO: Removing cookbooks/chef-client/templates/freebsd/chef.erb from the cache; its cookbook is no longer needed on this client.
1480438966,,ui,message,    amazon-ebs: [2016-11-29T17:02:46+00:00] INFO: Removing cookbooks/chef-client/templates/windows/client.service.rb.erb from the cache; its cookbook is no longer needed on this client.
1480438966,,ui,message,    amazon-ebs: [2016-11-29T17:02:46+00:00] INFO: Removing cookbooks/chef-client/templates/default/sv-chef-client-run.erb from the cache; its cookbook is no longer needed on this client.
1480438966,,ui,message,    amazon-ebs: [2016-11-29T17:02:46+00:00] INFO: Removing cookbooks/chef-client/templates/default/solaris/chef-client.erb from the cache; its cookbook is no longer needed on this client.
1480438966,,ui,message,    amazon-ebs: [2016-11-29T17:02:46+00:00] INFO: Removing cookbooks/chef-client/templates/default/solaris/manifest-5.11.xml.erb from the cache; its cookbook is no longer needed on this client.
1480438966,,ui,message,    amazon-ebs: [2016-11-29T17:02:46+00:00] INFO: Removing cookbooks/chef-client/templates/default/solaris/manifest.xml.erb from the cache; its cookbook is no longer needed on this client.
1480438966,,ui,message,    amazon-ebs: [2016-11-29T17:02:46+00:00] INFO: Removing cookbooks/chef-client/templates/default/fedora/sysconfig/chef-client.erb from the cache; its cookbook is no longer needed on this client.
1480438966,,ui,message,    amazon-ebs: [2016-11-29T17:02:46+00:00] INFO: Removing cookbooks/chef-client/templates/default/com.chef.chef-client.plist.erb from the cache; its cookbook is no longer needed on this client.
1480438966,,ui,message,    amazon-ebs: [2016-11-29T17:02:46+00:00] INFO: Removing cookbooks/chef-client/templates/default/chef-client.pill.erb from the cache; its cookbook is no longer needed on this client.
1480438966,,ui,message,    amazon-ebs: [2016-11-29T17:02:46+00:00] INFO: Removing cookbooks/chef-client/templates/default/client.rb.erb from the cache; its cookbook is no longer needed on this client.
1480438966,,ui,message,    amazon-ebs: [2016-11-29T17:02:46+00:00] INFO: Removing cookbooks/chef-client/templates/default/sv-chef-client-log-run.erb from the cache; its cookbook is no longer needed on this client.
1480438966,,ui,message,    amazon-ebs: [2016-11-29T17:02:46+00:00] INFO: Removing cookbooks/chef-client/templates/default/systemd/chef-client.service.erb from the cache; its cookbook is no longer needed on this client.
1480438966,,ui,message,    amazon-ebs: [2016-11-29T17:02:46+00:00] INFO: Removing cookbooks/chef-client/templates/default/debian/init/chef-client.conf.erb from the cache; its cookbook is no longer needed on this client.
1480438966,,ui,message,    amazon-ebs: [2016-11-29T17:02:46+00:00] INFO: Removing cookbooks/chef-client/templates/default/debian/init.d/chef-client.erb from the cache; its cookbook is no longer needed on this client.
1480438966,,ui,message,    amazon-ebs: [2016-11-29T17:02:46+00:00] INFO: Removing cookbooks/chef-client/templates/default/debian/default/chef-client.erb from the cache; its cookbook is no longer needed on this client.
1480438966,,ui,message,    amazon-ebs: [2016-11-29T17:02:46+00:00] INFO: Removing cookbooks/chef-client/templates/default/suse/sysconfig/chef-client.erb from the cache; its cookbook is no longer needed on this client.
1480438966,,ui,message,    amazon-ebs: [2016-11-29T17:02:46+00:00] INFO: Removing cookbooks/chef-client/templates/default/suse/init.d/chef-client.erb from the cache; its cookbook is no longer needed on this client.
1480438966,,ui,message,    amazon-ebs: [2016-11-29T17:02:46+00:00] INFO: Removing cookbooks/chef-client/templates/default/redhat/sysconfig/chef-client.erb from the cache; its cookbook is no longer needed on this client.
1480438966,,ui,message,    amazon-ebs: [2016-11-29T17:02:46+00:00] INFO: Removing cookbooks/chef-client/templates/default/redhat/init.d/chef-client.erb from the cache; its cookbook is no longer needed on this client.
1480438966,,ui,message,    amazon-ebs: [2016-11-29T17:02:46+00:00] INFO: Removing cookbooks/chef-client/CHANGELOG.md from the cache; its cookbook is no longer needed on this client.
1480438966,,ui,message,    amazon-ebs: [2016-11-29T17:02:46+00:00] INFO: Removing cookbooks/chef-client/MAINTAINERS.md from the cache; its cookbook is no longer needed on this client.
1480438966,,ui,message,    amazon-ebs: [2016-11-29T17:02:46+00:00] INFO: Removing cookbooks/chef-client/recipes/systemd_service.rb from the cache; its cookbook is no longer needed on this client.
1480438966,,ui,message,    amazon-ebs: [2016-11-29T17:02:46+00:00] INFO: Removing cookbooks/chef-client/recipes/task.rb from the cache; its cookbook is no longer needed on this client.
1480438966,,ui,message,    amazon-ebs: [2016-11-29T17:02:46+00:00] INFO: Removing cookbooks/chef-client/recipes/bsd_service.rb from the cache; its cookbook is no longer needed on this client.
1480438966,,ui,message,    amazon-ebs: [2016-11-29T17:02:46+00:00] INFO: Removing cookbooks/chef-client/recipes/windows_service.rb from the cache; its cookbook is no longer needed on this client.
1480438966,,ui,message,    amazon-ebs: [2016-11-29T17:02:46+00:00] INFO: Removing cookbooks/chef-client/recipes/bluepill_service.rb from the cache; its cookbook is no longer needed on this client.
1480438966,,ui,message,    amazon-ebs: [2016-11-29T17:02:46+00:00] INFO: Removing cookbooks/chef-client/recipes/launchd_service.rb from the cache; its cookbook is no longer needed on this client.
1480438966,,ui,message,    amazon-ebs: [2016-11-29T17:02:46+00:00] INFO: Removing cookbooks/chef-client/recipes/cron.rb from the cache; its cookbook is no longer needed on this client.
1480438966,,ui,message,    amazon-ebs: [2016-11-29T17:02:46+00:00] INFO: Removing cookbooks/chef-client/recipes/_unit_test_cloning_resource.rb from the cache; its cookbook is no longer needed on this client.
1480438966,,ui,message,    amazon-ebs: [2016-11-29T17:02:46+00:00] INFO: Removing cookbooks/chef-client/recipes/default.rb from the cache; its cookbook is no longer needed on this client.
1480438966,,ui,message,    amazon-ebs: [2016-11-29T17:02:46+00:00] INFO: Removing cookbooks/chef-client/recipes/config.rb from the cache; its cookbook is no longer needed on this client.
1480438966,,ui,message,    amazon-ebs: [2016-11-29T17:02:46+00:00] INFO: Removing cookbooks/chef-client/recipes/daemontools_service.rb from the cache; its cookbook is no longer needed on this client.
1480438966,,ui,message,    amazon-ebs: [2016-11-29T17:02:46+00:00] INFO: Removing cookbooks/chef-client/recipes/service.rb from the cache; its cookbook is no longer needed on this client.
1480438966,,ui,message,    amazon-ebs: [2016-11-29T17:02:46+00:00] INFO: Removing cookbooks/chef-client/recipes/runit_service.rb from the cache; its cookbook is no longer needed on this client.
1480438966,,ui,message,    amazon-ebs: [2016-11-29T17:02:46+00:00] INFO: Removing cookbooks/chef-client/recipes/upstart_service.rb from the cache; its cookbook is no longer needed on this client.
1480438966,,ui,message,    amazon-ebs: [2016-11-29T17:02:46+00:00] INFO: Removing cookbooks/chef-client/recipes/init_service.rb from the cache; its cookbook is no longer needed on this client.
1480438966,,ui,message,    amazon-ebs: [2016-11-29T17:02:46+00:00] INFO: Removing cookbooks/chef-client/recipes/src_service.rb from the cache; its cookbook is no longer needed on this client.
1480438966,,ui,message,    amazon-ebs: [2016-11-29T17:02:46+00:00] INFO: Removing cookbooks/chef-client/recipes/smf_service.rb from the cache; its cookbook is no longer needed on this client.
1480438966,,ui,message,    amazon-ebs: [2016-11-29T17:02:46+00:00] INFO: Removing cookbooks/chef-client/recipes/delete_validation.rb from the cache; its cookbook is no longer needed on this client.
1480438966,,ui,message,    amazon-ebs: [2016-11-29T17:02:46+00:00] INFO: Removing cookbooks/logrotate/CONTRIBUTING.md from the cache; its cookbook is no longer needed on this client.
1480438966,,ui,message,    amazon-ebs: [2016-11-29T17:02:46+00:00] INFO: Removing cookbooks/logrotate/metadata.json from the cache; its cookbook is no longer needed on this client.
1480438966,,ui,message,    amazon-ebs: [2016-11-29T17:02:46+00:00] INFO: Removing cookbooks/logrotate/README.md from the cache; its cookbook is no longer needed on this client.
1480438966,,ui,message,    amazon-ebs: [2016-11-29T17:02:46+00:00] INFO: Removing cookbooks/logrotate/Gemfile from the cache; its cookbook is no longer needed on this client.
1480438966,,ui,message,    amazon-ebs: [2016-11-29T17:02:46+00:00] INFO: Removing cookbooks/logrotate/attributes/default.rb from the cache; its cookbook is no longer needed on this client.
1480438966,,ui,message,    amazon-ebs: [2016-11-29T17:02:46+00:00] INFO: Removing cookbooks/logrotate/definitions/logrotate_app.rb from the cache; its cookbook is no longer needed on this client.
1480438966,,ui,message,    amazon-ebs: [2016-11-29T17:02:46+00:00] INFO: Removing cookbooks/logrotate/libraries/logrotate_config.rb from the cache; its cookbook is no longer needed on this client.
1480438966,,ui,message,    amazon-ebs: [2016-11-29T17:02:46+00:00] INFO: Removing cookbooks/logrotate/libraries/matchers.rb from the cache; its cookbook is no longer needed on this client.
1480438966,,ui,message,    amazon-ebs: [2016-11-29T17:02:46+00:00] INFO: Removing cookbooks/logrotate/templates/default/logrotate.erb from the cache; its cookbook is no longer needed on this client.
1480438966,,ui,message,    amazon-ebs: [2016-11-29T17:02:46+00:00] INFO: Removing cookbooks/logrotate/templates/default/logrotate-global.erb from the cache; its cookbook is no longer needed on this client.
1480438966,,ui,message,    amazon-ebs: [2016-11-29T17:02:46+00:00] INFO: Removing cookbooks/logrotate/CHANGELOG.md from the cache; its cookbook is no longer needed on this client.
1480438966,,ui,message,    amazon-ebs: [2016-11-29T17:02:46+00:00] INFO: Removing cookbooks/logrotate/TESTING.md from the cache; its cookbook is no longer needed on this client.
1480438966,,ui,message,    amazon-ebs: [2016-11-29T17:02:46+00:00] INFO: Removing cookbooks/logrotate/LICENSE from the cache; its cookbook is no longer needed on this client.
1480438966,,ui,message,    amazon-ebs: [2016-11-29T17:02:46+00:00] INFO: Removing cookbooks/logrotate/Gemfile.lock from the cache; its cookbook is no longer needed on this client.
1480438966,,ui,message,    amazon-ebs: [2016-11-29T17:02:46+00:00] INFO: Removing cookbooks/logrotate/recipes/global.rb from the cache; its cookbook is no longer needed on this client.
1480438966,,ui,message,    amazon-ebs: [2016-11-29T17:02:46+00:00] INFO: Removing cookbooks/logrotate/recipes/default.rb from the cache; its cookbook is no longer needed on this client.
1480438966,,ui,message,    amazon-ebs: [2016-11-29T17:02:46+00:00] INFO: Removing cookbooks/core-linux/metadata.json from the cache; its cookbook is no longer needed on this client.
1480438966,,ui,message,    amazon-ebs: [2016-11-29T17:02:46+00:00] INFO: Removing cookbooks/core-linux/template.json from the cache; its cookbook is no longer needed on this client.
1480438966,,ui,message,    amazon-ebs: [2016-11-29T17:02:46+00:00] INFO: Removing cookbooks/core-linux/README.md from the cache; its cookbook is no longer needed on this client.
1480438966,,ui,message,    amazon-ebs: [2016-11-29T17:02:46+00:00] INFO: Removing cookbooks/core-linux/packer.sh from the cache; its cookbook is no longer needed on this client.
1480438966,,ui,message,    amazon-ebs: [2016-11-29T17:02:46+00:00] INFO: Removing cookbooks/core-linux/chefignore from the cache; its cookbook is no longer needed on this client.
1480438966,,ui,message,    amazon-ebs: [2016-11-29T17:02:46+00:00] INFO: Removing cookbooks/core-linux/build.sh from the cache; its cookbook is no longer needed on this client.
1480438966,,ui,message,    amazon-ebs: [2016-11-29T17:02:46+00:00] INFO: Removing cookbooks/core-linux/recipes/default.rb from the cache; its cookbook is no longer needed on this client.
1480438966,,ui,message,    amazon-ebs: [2016-11-29T17:02:46+00:00] INFO: Removing cookbooks/cron/.foodcritic from the cache; its cookbook is no longer needed on this client.
1480438966,,ui,message,    amazon-ebs: [2016-11-29T17:02:46+00:00] INFO: Removing cookbooks/chef-client/.foodcritic from the cache; its cookbook is no longer needed on this client.
1480438966,,ui,message,    amazon-ebs: [2016-11-29T17:02:46+00:00] INFO: Removing cookbooks/logrotate/.rubocop.yml from the cache; its cookbook is no longer needed on this client.
1480438966,,ui,message,    amazon-ebs: [2016-11-29T17:02:46+00:00] INFO: Removing cookbooks/logrotate/.kitchen.yml from the cache; its cookbook is no longer needed on this client.
1480438966,,ui,message,    amazon-ebs: [2016-11-29T17:02:46+00:00] INFO: Removing cookbooks/logrotate/.travis.yml from the cache; its cookbook is no longer needed on this client.
1480438966,,ui,message,    amazon-ebs: [2016-11-29T17:02:46+00:00] INFO: Removing cookbooks/logrotate/.gitignore from the cache; its cookbook is no longer needed on this client.
1480438966,,ui,message,    amazon-ebs: [2016-11-29T17:02:46+00:00] INFO: Storing updated cookbooks/gocd-server/template.json in the cache.
1480438966,,ui,message,    amazon-ebs: [2016-11-29T17:02:46+00:00] INFO: Storing updated cookbooks/gocd-server/recipes/default.rb in the cache.
1480438966,,ui,message,    amazon-ebs: [2016-11-29T17:02:46+00:00] INFO: Storing updated cookbooks/gocd/resources/agent.rb in the cache.
1480438966,,ui,message,    amazon-ebs: [2016-11-29T17:02:46+00:00] INFO: Storing updated cookbooks/gocd/resources/plugin.rb in the cache.
1480438966,,ui,message,    amazon-ebs: [2016-11-29T17:02:46+00:00] INFO: Storing updated cookbooks/gocd-server/build.sh in the cache.
1480438966,,ui,message,    amazon-ebs: [2016-11-29T17:02:46+00:00] INFO: Storing updated cookbooks/gocd/recipes/agent.rb in the cache.
1480438966,,ui,message,    amazon-ebs: [2016-11-29T17:02:46+00:00] INFO: Storing updated cookbooks/gocd-server/metadata.json in the cache.
1480438966,,ui,message,    amazon-ebs: [2016-11-29T17:02:46+00:00] INFO: Storing updated cookbooks/gocd-server/chefignore in the cache.
1480438966,,ui,message,    amazon-ebs: [2016-11-29T17:02:46+00:00] INFO: Storing updated cookbooks/gocd-server/README.md in the cache.
1480438966,,ui,message,    amazon-ebs: [2016-11-29T17:02:46+00:00] INFO: Storing updated cookbooks/gocd/recipes/default.rb in the cache.
1480438966,,ui,message,    amazon-ebs: [2016-11-29T17:02:46+00:00] INFO: Storing updated cookbooks/gocd/recipes/agent_linux.rb in the cache.
1480438966,,ui,message,    amazon-ebs: [2016-11-29T17:02:46+00:00] INFO: Storing updated cookbooks/gocd/recipes/server.rb in the cache.
1480438966,,ui,message,    amazon-ebs: [2016-11-29T17:02:46+00:00] INFO: Storing updated cookbooks/gocd/recipes/agent_windows.rb in the cache.
1480438966,,ui,message,    amazon-ebs: [2016-11-29T17:02:46+00:00] INFO: Storing updated cookbooks/gocd/recipes/server_linux.rb in the cache.
1480438966,,ui,message,    amazon-ebs: [2016-11-29T17:02:46+00:00] INFO: Storing updated cookbooks/gocd/resources/agent_autoregister_file.rb in the cache.
1480438966,,ui,message,    amazon-ebs: [2016-11-29T17:02:46+00:00] INFO: Storing updated cookbooks/gocd/recipes/agent_linux_install.rb in the cache.
1480438966,,ui,message,    amazon-ebs: [2016-11-29T17:02:46+00:00] INFO: Storing updated cookbooks/gocd/recipes/server_windows_install.rb in the cache.
1480438966,,ui,message,    amazon-ebs: [2016-11-29T17:02:46+00:00] INFO: Storing updated cookbooks/gocd/attributes/agent.rb in the cache.
1480438966,,ui,message,    amazon-ebs: [2016-11-29T17:02:46+00:00] INFO: Storing updated cookbooks/gocd/recipes/java.rb in the cache.
1480438966,,ui,message,    amazon-ebs: [2016-11-29T17:02:46+00:00] INFO: Storing updated cookbooks/gocd/attributes/repository.rb in the cache.
1480438966,,ui,message,    amazon-ebs: [2016-11-29T17:02:46+00:00] INFO: Storing updated cookbooks/gocd/recipes/repository.rb in the cache.
1480438966,,ui,message,    amazon-ebs: [2016-11-29T17:02:46+00:00] INFO: Storing updated cookbooks/gocd/recipes/server_windows.rb in the cache.
1480438966,,ui,message,    amazon-ebs: [2016-11-29T17:02:46+00:00] INFO: Storing updated cookbooks/gocd/recipes/server_linux_install.rb in the cache.
1480438966,,ui,message,    amazon-ebs: [2016-11-29T17:02:46+00:00] INFO: Storing updated cookbooks/gocd/libraries/matchers.rb in the cache.
1480438966,,ui,message,    amazon-ebs: [2016-11-29T17:02:46+00:00] INFO: Storing updated cookbooks/gocd/templates/default/go-agent-default.erb in the cache.
1480438966,,ui,message,    amazon-ebs: [2016-11-29T17:02:46+00:00] INFO: Storing updated cookbooks/gocd/libraries/helpers.rb in the cache.
1480438966,,ui,message,    amazon-ebs: [2016-11-29T17:02:46+00:00] INFO: Storing updated cookbooks/gocd/ci-setup.sh in the cache.
1480438966,,ui,message,    amazon-ebs: [2016-11-29T17:02:46+00:00] INFO: Storing updated cookbooks/gocd/templates/default/go-server-default.erb in the cache.
1480438966,,ui,message,    amazon-ebs: [2016-11-29T17:02:46+00:00] INFO: Storing updated cookbooks/gocd/attributes/server.rb in the cache.
1480438966,,ui,message,    amazon-ebs: [2016-11-29T17:02:46+00:00] INFO: Storing updated cookbooks/gocd/Gemfile in the cache.
1480438966,,ui,message,    amazon-ebs: [2016-11-29T17:02:46+00:00] INFO: Storing updated cookbooks/gocd/README.md in the cache.
1480438966,,ui,message,    amazon-ebs: [2016-11-29T17:02:46+00:00] INFO: Storing updated cookbooks/gocd/.kitchen.openstack.yml in the cache.
1480438966,,ui,message,    amazon-ebs: [2016-11-29T17:02:46+00:00] INFO: Storing updated cookbooks/gocd/metadata.json in the cache.
1480438966,,ui,message,    amazon-ebs: [2016-11-29T17:02:46+00:00] INFO: Storing updated cookbooks/gocd/templates/default/golang-agent-init.erb in the cache.
1480438966,,ui,message,    amazon-ebs: [2016-11-29T17:02:46+00:00] INFO: Storing updated cookbooks/gocd/templates/default/autoregister.properties.erb in the cache.
1480438966,,ui,message,    amazon-ebs: [2016-11-29T17:02:46+00:00] INFO: Storing updated cookbooks/apt/resources/preference.rb in the cache.
1480438966,,ui,message,    amazon-ebs: [2016-11-29T17:02:46+00:00] INFO: Storing updated cookbooks/gocd/.kitchen.yml in the cache.
1480438966,,ui,message,    amazon-ebs: [2016-11-29T17:02:46+00:00] INFO: Storing updated cookbooks/gocd/chefignore in the cache.
1480438966,,ui,message,    amazon-ebs: [2016-11-29T17:02:46+00:00] INFO: Storing updated cookbooks/gocd/.kitchen.cloud.yml in the cache.
1480438966,,ui,message,    amazon-ebs: [2016-11-29T17:02:46+00:00] INFO: Storing updated cookbooks/gocd/Rakefile in the cache.
1480438966,,ui,message,    amazon-ebs: [2016-11-29T17:02:46+00:00] INFO: Storing updated cookbooks/gocd/recipes/agent_windows_install.rb in the cache.
1480438966,,ui,message,    amazon-ebs: [2016-11-29T17:02:46+00:00] INFO: Storing updated cookbooks/gocd/TESTING.md in the cache.
1480438966,,ui,message,    amazon-ebs: [2016-11-29T17:02:46+00:00] INFO: Storing updated cookbooks/apt/providers/repository.rb in the cache.
1480438966,,ui,message,    amazon-ebs: [2016-11-29T17:02:46+00:00] INFO: Storing updated cookbooks/gocd/Gemfile.lock in the cache.
1480438966,,ui,message,    amazon-ebs: [2016-11-29T17:02:46+00:00] INFO: Storing updated cookbooks/apt/libraries/apt_update.rb in the cache.
1480438966,,ui,message,    amazon-ebs: [2016-11-29T17:02:46+00:00] INFO: Storing updated cookbooks/apt/resources/repository.rb in the cache.
1480438966,,ui,message,    amazon-ebs: [2016-11-29T17:02:46+00:00] INFO: Storing updated cookbooks/apt/recipes/default.rb in the cache.
1480438966,,ui,message,    amazon-ebs: [2016-11-29T17:02:46+00:00] INFO: Storing updated cookbooks/apt/providers/preference.rb in the cache.
1480438966,,ui,message,    amazon-ebs: [2016-11-29T17:02:46+00:00] INFO: Storing updated cookbooks/apt/recipes/cacher-client.rb in the cache.
1480438966,,ui,message,    amazon-ebs: [2016-11-29T17:02:46+00:00] INFO: Storing updated cookbooks/apt/libraries/helpers.rb in the cache.
1480438966,,ui,message,    amazon-ebs: [2016-11-29T17:02:46+00:00] INFO: Storing updated cookbooks/gocd/.kitchen.docker.yml in the cache.
1480438966,,ui,message,    amazon-ebs: [2016-11-29T17:02:46+00:00] INFO: Storing updated cookbooks/apt/templates/default/01proxy.erb in the cache.
1480438966,,ui,message,    amazon-ebs: [2016-11-29T17:02:46+00:00] INFO: Storing updated cookbooks/apt/libraries/matchers.rb in the cache.
1480438966,,ui,message,    amazon-ebs: [2016-11-29T17:02:46+00:00] INFO: Storing updated cookbooks/apt/recipes/cacher-ng.rb in the cache.
1480438966,,ui,message,    amazon-ebs: [2016-11-29T17:02:46+00:00] INFO: Storing updated cookbooks/apt/templates/default/10recommends.erb in the cache.
1480438966,,ui,message,    amazon-ebs: [2016-11-29T17:02:46+00:00] INFO: Storing updated cookbooks/apt/files/default/apt-proxy-v2.conf in the cache.
1480438966,,ui,message,    amazon-ebs: [2016-11-29T17:02:46+00:00] INFO: Storing updated cookbooks/apt/attributes/default.rb in the cache.
1480438966,,ui,message,    amazon-ebs: [2016-11-29T17:02:46+00:00] INFO: Storing updated cookbooks/apt/recipes/unattended-upgrades.rb in the cache.
1480438966,,ui,message,    amazon-ebs: [2016-11-29T17:02:46+00:00] INFO: Storing updated cookbooks/apt/templates/default/20auto-upgrades.erb in the cache.
1480438966,,ui,message,    amazon-ebs: [2016-11-29T17:02:46+00:00] INFO: Storing updated cookbooks/apt/files/default/15update-stamp in the cache.
1480438966,,ui,message,    amazon-ebs: [2016-11-29T17:02:46+00:00] INFO: Storing updated cookbooks/apt/metadata.json in the cache.
1480438966,,ui,message,    amazon-ebs: [2016-11-29T17:02:46+00:00] INFO: Storing updated cookbooks/apt/CONTRIBUTING.md in the cache.
1480438966,,ui,message,    amazon-ebs: [2016-11-29T17:02:46+00:00] INFO: Storing updated cookbooks/apt/MAINTAINERS.md in the cache.
1480438966,,ui,message,    amazon-ebs: [2016-11-29T17:02:46+00:00] INFO: Storing updated cookbooks/apt/templates/default/acng.conf.erb in the cache.
1480438966,,ui,message,    amazon-ebs: [2016-11-29T17:02:46+00:00] INFO: Storing updated cookbooks/apt/templates/default/50unattended-upgrades.erb in the cache.
1480438966,,ui,message,    amazon-ebs: [2016-11-29T17:02:46+00:00] INFO: Storing updated cookbooks/apt/README.md in the cache.
1480438966,,ui,message,    amazon-ebs: [2016-11-29T17:02:46+00:00] INFO: Storing updated cookbooks/apt/templates/default/unattended-upgrades.seed.erb in the cache.
1480438966,,ui,message,    amazon-ebs: [2016-11-29T17:02:46+00:00] INFO: Storing updated cookbooks/java/recipes/default_java_symlink.rb in the cache.
1480438966,,ui,message,    amazon-ebs: [2016-11-29T17:02:46+00:00] INFO: Storing updated cookbooks/java/providers/ark.rb in the cache.
1480438966,,ui,message,    amazon-ebs: [2016-11-29T17:02:46+00:00] INFO: Storing updated cookbooks/apt/CHANGELOG.md in the cache.
1480438966,,ui,message,    amazon-ebs: [2016-11-29T17:02:46+00:00] INFO: Storing updated cookbooks/java/providers/alternatives.rb in the cache.
1480438966,,ui,message,    amazon-ebs: [2016-11-29T17:02:46+00:00] INFO: Storing updated cookbooks/java/recipes/ibm_tar.rb in the cache.
1480438966,,ui,message,    amazon-ebs: [2016-11-29T17:02:46+00:00] INFO: Storing updated cookbooks/java/resources/alternatives.rb in the cache.
1480438966,,ui,message,    amazon-ebs: [2016-11-29T17:02:46+00:00] INFO: Storing updated cookbooks/java/recipes/ibm.rb in the cache.
1480438966,,ui,message,    amazon-ebs: [2016-11-29T17:02:46+00:00] INFO: Storing updated cookbooks/java/resources/ark.rb in the cache.
1480438966,,ui,message,    amazon-ebs: [2016-11-29T17:02:46+00:00] INFO: Storing updated cookbooks/java/recipes/oracle.rb in the cache.
1480438966,,ui,message,    amazon-ebs: [2016-11-29T17:02:46+00:00] INFO: Storing updated cookbooks/java/recipes/default.rb in the cache.
1480438966,,ui,message,    amazon-ebs: [2016-11-29T17:02:46+00:00] INFO: Storing updated cookbooks/java/recipes/notify.rb in the cache.
1480438966,,ui,message,    amazon-ebs: [2016-11-29T17:02:46+00:00] INFO: Storing updated cookbooks/java/recipes/openjdk.rb in the cache.
1480438966,,ui,message,    amazon-ebs: [2016-11-29T17:02:46+00:00] INFO: Storing updated cookbooks/java/recipes/homebrew.rb in the cache.
1480438966,,ui,message,    amazon-ebs: [2016-11-29T17:02:46+00:00] INFO: Storing updated cookbooks/java/recipes/set_java_home.rb in the cache.
1480438966,,ui,message,    amazon-ebs: [2016-11-29T17:02:46+00:00] INFO: Storing updated cookbooks/java/recipes/set_attributes_from_version.rb in the cache.
1480438966,,ui,message,    amazon-ebs: [2016-11-29T17:02:46+00:00] INFO: Storing updated cookbooks/java/recipes/oracle_jce.rb in the cache.
1480438966,,ui,message,    amazon-ebs: [2016-11-29T17:02:46+00:00] INFO: Storing updated cookbooks/java/recipes/oracle_i386.rb in the cache.
1480438966,,ui,message,    amazon-ebs: [2016-11-29T17:02:46+00:00] INFO: Storing updated cookbooks/java/templates/default/jdk.sh.erb in the cache.
1480438966,,ui,message,    amazon-ebs: [2016-11-29T17:02:46+00:00] INFO: Storing updated cookbooks/java/recipes/oracle_rpm.rb in the cache.
1480438966,,ui,message,    amazon-ebs: [2016-11-29T17:02:46+00:00] INFO: Storing updated cookbooks/java/templates/default/oracle.jinfo.erb in the cache.
1480438966,,ui,message,    amazon-ebs: [2016-11-29T17:02:46+00:00] INFO: Storing updated cookbooks/java/recipes/purge_packages.rb in the cache.
1480438966,,ui,message,    amazon-ebs: [2016-11-29T17:02:46+00:00] INFO: Storing updated cookbooks/java/libraries/helpers.rb in the cache.
1480438966,,ui,message,    amazon-ebs: [2016-11-29T17:02:46+00:00] INFO: Storing updated cookbooks/java/attributes/default.rb in the cache.
1480438966,,ui,message,    amazon-ebs: [2016-11-29T17:02:46+00:00] INFO: Storing updated cookbooks/java/metadata.json in the cache.
1480438966,,ui,message,    amazon-ebs: [2016-11-29T17:02:46+00:00] INFO: Storing updated cookbooks/java/templates/default/ibm_jdk.installer.properties.erb in the cache.
1480438966,,ui,message,    amazon-ebs: [2016-11-29T17:02:46+00:00] INFO: Storing updated cookbooks/java/Gemfile in the cache.
1480438966,,ui,message,    amazon-ebs: [2016-11-29T17:02:46+00:00] INFO: Storing updated cookbooks/java/ISSUES.md in the cache.
1480438966,,ui,message,    amazon-ebs: [2016-11-29T17:02:46+00:00] INFO: Storing updated cookbooks/java/libraries/matchers.rb in the cache.
1480438966,,ui,message,    amazon-ebs: [2016-11-29T17:02:47+00:00] INFO: Storing updated cookbooks/java/.rubocop_todo.yml in the cache.
1480438966,,ui,message,    amazon-ebs: [2016-11-29T17:02:47+00:00] INFO: Storing updated cookbooks/java/recipes/windows.rb in the cache.
1480438966,,ui,message,    amazon-ebs: [2016-11-29T17:02:47+00:00] INFO: Storing updated cookbooks/java/LICENSE in the cache.
1480438966,,ui,message,    amazon-ebs: [2016-11-29T17:02:47+00:00] INFO: Storing updated cookbooks/java/README.md in the cache.
1480438966,,ui,message,    amazon-ebs: [2016-11-29T17:02:47+00:00] INFO: Storing updated cookbooks/yum/resources/globalconfig.rb in the cache.
1480438966,,ui,message,    amazon-ebs: [2016-11-29T17:02:47+00:00] INFO: Storing updated cookbooks/java/chefignore in the cache.
1480438966,,ui,message,    amazon-ebs: [2016-11-29T17:02:47+00:00] INFO: Storing updated cookbooks/java/travis-build.sh in the cache.
1480438966,,ui,message,    amazon-ebs: [2016-11-29T17:02:47+00:00] INFO: Storing updated cookbooks/yum/recipes/dnf_yum_compat.rb in the cache.
1480438966,,ui,message,    amazon-ebs: [2016-11-29T17:02:47+00:00] INFO: Storing updated cookbooks/yum/providers/repository.rb in the cache.
1480438966,,ui,message,    amazon-ebs: [2016-11-29T17:02:47+00:00] INFO: Storing updated cookbooks/yum/templates/default/repo.erb in the cache.
1480438966,,ui,message,    amazon-ebs: [2016-11-29T17:02:47+00:00] INFO: Storing updated cookbooks/yum/resources/repository.rb in the cache.
1480438966,,ui,message,    amazon-ebs: [2016-11-29T17:02:47+00:00] INFO: Storing updated cookbooks/yum/attributes/main.rb in the cache.
1480438966,,ui,message,    amazon-ebs: [2016-11-29T17:02:47+00:00] INFO: Storing updated cookbooks/yum/recipes/default.rb in the cache.
1480438966,,ui,message,    amazon-ebs: [2016-11-29T17:02:47+00:00] INFO: Storing updated cookbooks/yum/libraries/matchers.rb in the cache.
1480438966,,ui,message,    amazon-ebs: [2016-11-29T17:02:47+00:00] INFO: Storing updated cookbooks/yum/templates/default/main.erb in the cache.
1480438966,,ui,message,    amazon-ebs: [2016-11-29T17:02:47+00:00] INFO: Storing updated cookbooks/yum/CHANGELOG.md in the cache.
1480438966,,ui,message,    amazon-ebs: [2016-11-29T17:02:47+00:00] INFO: Storing updated cookbooks/yum/README.md in the cache.
1480438966,,ui,message,    amazon-ebs: [2016-11-29T17:02:47+00:00] INFO: Storing updated cookbooks/yum/providers/globalconfig.rb in the cache.
1480438966,,ui,message,    amazon-ebs: [2016-11-29T17:02:47+00:00] INFO: Storing updated cookbooks/yum/metadata.json in the cache.
1480438966,,ui,message,    amazon-ebs: [2016-11-29T17:02:47+00:00] INFO: Storing updated cookbooks/yum/CONTRIBUTING.md in the cache.
1480438966,,ui,message,    amazon-ebs: [2016-11-29T17:02:47+00:00] INFO: Storing updated cookbooks/yum/MAINTAINERS.md in the cache.
1480438966,,ui,message,    amazon-ebs: [2016-11-29T17:02:47+00:00] INFO: Storing updated cookbooks/windows/resources/certificate_binding.rb in the cache.
1480438966,,ui,message,    amazon-ebs: [2016-11-29T17:02:47+00:00] INFO: Storing updated cookbooks/windows/resources/feature.rb in the cache.
1480438966,,ui,message,    amazon-ebs: [2016-11-29T17:02:47+00:00] INFO: Storing updated cookbooks/windows/resources/path.rb in the cache.
1480438966,,ui,message,    amazon-ebs: [2016-11-29T17:02:47+00:00] INFO: Storing updated cookbooks/windows/resources/printer.rb in the cache.
1480438966,,ui,message,    amazon-ebs: [2016-11-29T17:02:47+00:00] INFO: Storing updated cookbooks/windows/resources/printer_port.rb in the cache.
1480438966,,ui,message,    amazon-ebs: [2016-11-29T17:02:47+00:00] INFO: Storing updated cookbooks/windows/resources/auto_run.rb in the cache.
1480438966,,ui,message,    amazon-ebs: [2016-11-29T17:02:47+00:00] INFO: Storing updated cookbooks/windows/resources/pagefile.rb in the cache.
1480438966,,ui,message,    amazon-ebs: [2016-11-29T17:02:47+00:00] INFO: Storing updated cookbooks/windows/resources/task.rb in the cache.
1480438966,,ui,message,    amazon-ebs: [2016-11-29T17:02:47+00:00] INFO: Storing updated cookbooks/windows/resources/certificate.rb in the cache.
1480438966,,ui,message,    amazon-ebs: [2016-11-29T17:02:47+00:00] INFO: Storing updated cookbooks/windows/resources/zipfile.rb in the cache.
1480438966,,ui,message,    amazon-ebs: [2016-11-29T17:02:47+00:00] INFO: Storing updated cookbooks/windows/resources/shortcut.rb in the cache.
1480438966,,ui,message,    amazon-ebs: [2016-11-29T17:02:47+00:00] INFO: Storing updated cookbooks/windows/resources/http_acl.rb in the cache.
1480438966,,ui,message,    amazon-ebs: [2016-11-29T17:02:47+00:00] INFO: Storing updated cookbooks/windows/resources/font.rb in the cache.
1480438966,,ui,message,    amazon-ebs: [2016-11-29T17:02:47+00:00] INFO: Storing updated cookbooks/windows/providers/feature_powershell.rb in the cache.
1480438966,,ui,message,    amazon-ebs: [2016-11-29T17:02:47+00:00] INFO: Storing updated cookbooks/windows/providers/path.rb in the cache.
1480438966,,ui,message,    amazon-ebs: [2016-11-29T17:02:47+00:00] INFO: Storing updated cookbooks/windows/providers/http_acl.rb in the cache.
1480438966,,ui,message,    amazon-ebs: [2016-11-29T17:02:47+00:00] INFO: Storing updated cookbooks/windows/providers/auto_run.rb in the cache.
1480438966,,ui,message,    amazon-ebs: [2016-11-29T17:02:47+00:00] INFO: Storing updated cookbooks/windows/providers/font.rb in the cache.
1480438966,,ui,message,    amazon-ebs: [2016-11-29T17:02:47+00:00] INFO: Storing updated cookbooks/windows/providers/certificate.rb in the cache.
1480438966,,ui,message,    amazon-ebs: [2016-11-29T17:02:47+00:00] INFO: Storing updated cookbooks/windows/providers/certificate_binding.rb in the cache.
1480438966,,ui,message,    amazon-ebs: [2016-11-29T17:02:47+00:00] INFO: Storing updated cookbooks/windows/providers/feature_servermanagercmd.rb in the cache.
1480438966,,ui,message,    amazon-ebs: [2016-11-29T17:02:47+00:00] INFO: Storing updated cookbooks/windows/providers/pagefile.rb in the cache.
1480438966,,ui,message,    amazon-ebs: [2016-11-29T17:02:47+00:00] INFO: Storing updated cookbooks/windows/providers/feature_dism.rb in the cache.
1480438966,,ui,message,    amazon-ebs: [2016-11-29T17:02:47+00:00] INFO: Storing updated cookbooks/windows/providers/printer.rb in the cache.
1480438966,,ui,message,    amazon-ebs: [2016-11-29T17:02:47+00:00] INFO: Storing updated cookbooks/windows/libraries/feature_base.rb in the cache.
1480438966,,ui,message,    amazon-ebs: [2016-11-29T17:02:47+00:00] INFO: Storing updated cookbooks/windows/recipes/default.rb in the cache.
1480438966,,ui,message,    amazon-ebs: [2016-11-29T17:02:47+00:00] INFO: Storing updated cookbooks/windows/providers/shortcut.rb in the cache.
1480438966,,ui,message,    amazon-ebs: [2016-11-29T17:02:47+00:00] INFO: Storing updated cookbooks/windows/providers/zipfile.rb in the cache.
1480438966,,ui,message,    amazon-ebs: [2016-11-29T17:02:47+00:00] INFO: Storing updated cookbooks/windows/providers/printer_port.rb in the cache.
1480438966,,ui,message,    amazon-ebs: [2016-11-29T17:02:47+00:00] INFO: Storing updated cookbooks/windows/providers/task.rb in the cache.
1480438966,,ui,message,    amazon-ebs: [2016-11-29T17:02:47+00:00] INFO: Storing updated cookbooks/windows/libraries/powershell_out.rb in the cache.
1480438966,,ui,message,    amazon-ebs: [2016-11-29T17:02:47+00:00] INFO: Storing updated cookbooks/windows/libraries/windows_package.rb in the cache.
1480438966,,ui,message,    amazon-ebs: [2016-11-29T17:02:47+00:00] INFO: Storing updated cookbooks/windows/libraries/windows_privileged.rb in the cache.
1480438966,,ui,message,    amazon-ebs: [2016-11-29T17:02:47+00:00] INFO: Storing updated cookbooks/windows/libraries/matchers.rb in the cache.
1480438966,,ui,message,    amazon-ebs: [2016-11-29T17:02:47+00:00] INFO: Storing updated cookbooks/windows/libraries/version_helper.rb in the cache.
1480438966,,ui,message,    amazon-ebs: [2016-11-29T17:02:47+00:00] INFO: Storing updated cookbooks/windows/files/default/dism_features.rb in the cache.
1480438966,,ui,message,    amazon-ebs: [2016-11-29T17:02:47+00:00] INFO: Storing updated cookbooks/windows/libraries/powershell_helper.rb in the cache.
1480438966,,ui,message,    amazon-ebs: [2016-11-29T17:02:47+00:00] INFO: Storing updated cookbooks/windows/libraries/wmi_helper.rb in the cache.
1480438966,,ui,message,    amazon-ebs: [2016-11-29T17:02:47+00:00] INFO: Storing updated cookbooks/windows/libraries/windows_helper.rb in the cache.
1480438966,,ui,message,    amazon-ebs: [2016-11-29T17:02:47+00:00] INFO: Storing updated cookbooks/windows/libraries/registry_helper.rb in the cache.
1480438966,,ui,message,    amazon-ebs: [2016-11-29T17:02:47+00:00] INFO: Storing updated cookbooks/compat_resource/files/lib/chef_compat/copied_from_chef/chef/delayed_evaluator.rb in the cache.
1480438966,,ui,message,    amazon-ebs: [2016-11-29T17:02:47+00:00] INFO: Storing updated cookbooks/compat_resource/libraries/autoload.rb in the cache.
1480438966,,ui,message,    amazon-ebs: [2016-11-29T17:02:47+00:00] INFO: Storing updated cookbooks/windows/attributes/default.rb in the cache.
1480438966,,ui,message,    amazon-ebs: [2016-11-29T17:02:47+00:00] INFO: Storing updated cookbooks/compat_resource/files/lib/chef_compat/copied_from_chef/chef/constants.rb in the cache.
1480438966,,ui,message,    amazon-ebs: [2016-11-29T17:02:47+00:00] INFO: Storing updated cookbooks/compat_resource/files/lib/chef_compat/copied_from_chef/chef/dsl/declare_resource.rb in the cache.
1480438966,,ui,message,    amazon-ebs: [2016-11-29T17:02:47+00:00] INFO: Storing updated cookbooks/windows/README.md in the cache.
1480438966,,ui,message,    amazon-ebs: [2016-11-29T17:02:47+00:00] INFO: Storing updated cookbooks/compat_resource/files/lib/chef_compat/copied_from_chef/chef/dsl/platform_introspection.rb in the cache.
1480438966,,ui,message,    amazon-ebs: [2016-11-29T17:02:47+00:00] INFO: Storing updated cookbooks/windows/libraries/version.rb in the cache.
1480438966,,ui,message,    amazon-ebs: [2016-11-29T17:02:47+00:00] INFO: Storing updated cookbooks/windows/metadata.json in the cache.
1480438966,,ui,message,    amazon-ebs: [2016-11-29T17:02:47+00:00] INFO: Storing updated cookbooks/compat_resource/files/lib/chef_compat/copied_from_chef/chef/dsl/universal.rb in the cache.
1480438966,,ui,message,    amazon-ebs: [2016-11-29T17:02:47+00:00] INFO: Storing updated cookbooks/compat_resource/files/lib/chef_compat/copied_from_chef/chef/mixin/lazy_module_include.rb in the cache.
1480438966,,ui,message,    amazon-ebs: [2016-11-29T17:02:47+00:00] INFO: Storing updated cookbooks/compat_resource/files/lib/chef_compat/copied_from_chef/chef/mixin/notifying_block.rb in the cache.
1480438966,,ui,message,    amazon-ebs: [2016-11-29T17:02:47+00:00] INFO: Storing updated cookbooks/compat_resource/files/lib/chef_compat/copied_from_chef/chef/mixin/properties.rb in the cache.
1480438966,,ui,message,    amazon-ebs: [2016-11-29T17:02:47+00:00] INFO: Storing updated cookbooks/compat_resource/files/lib/chef_compat/copied_from_chef/chef/dsl/core.rb in the cache.
1480438966,,ui,message,    amazon-ebs: [2016-11-29T17:02:47+00:00] INFO: Storing updated cookbooks/compat_resource/files/lib/chef_compat/copied_from_chef/chef/provider/apt_update.rb in the cache.
1480438966,,ui,message,    amazon-ebs: [2016-11-29T17:02:47+00:00] INFO: Storing updated cookbooks/compat_resource/files/lib/chef_compat/copied_from_chef/chef/dsl/recipe.rb in the cache.
1480438966,,ui,message,    amazon-ebs: [2016-11-29T17:02:47+00:00] INFO: Storing updated cookbooks/windows/CHANGELOG.md in the cache.
1480438966,,ui,message,    amazon-ebs: [2016-11-29T17:02:47+00:00] INFO: Storing updated cookbooks/compat_resource/files/lib/chef_compat/copied_from_chef/chef/provider/apt_repository.rb in the cache.
1480438966,,ui,message,    amazon-ebs: [2016-11-29T17:02:47+00:00] INFO: Storing updated cookbooks/compat_resource/files/lib/chef_compat/copied_from_chef/chef/provider/systemd_unit.rb in the cache.
1480438966,,ui,message,    amazon-ebs: [2016-11-29T17:02:47+00:00] INFO: Storing updated cookbooks/compat_resource/files/lib/chef_compat/copied_from_chef/chef/mixin/powershell_out.rb in the cache.
1480438966,,ui,message,    amazon-ebs: [2016-11-29T17:02:47+00:00] INFO: Storing updated cookbooks/compat_resource/files/lib/chef_compat/copied_from_chef/chef/provider/noop.rb in the cache.
1480438966,,ui,message,    amazon-ebs: [2016-11-29T17:02:47+00:00] INFO: Storing updated cookbooks/compat_resource/files/lib/chef_compat/copied_from_chef/chef/resource/action_class.rb in the cache.
1480438966,,ui,message,    amazon-ebs: [2016-11-29T17:02:47+00:00] INFO: Storing updated cookbooks/compat_resource/files/lib/chef_compat/copied_from_chef/chef/mixin/params_validate.rb in the cache.
1480438966,,ui,message,    amazon-ebs: [2016-11-29T17:02:47+00:00] INFO: Storing updated cookbooks/compat_resource/files/lib/chef_compat/copied_from_chef/chef/resource/apt_repository.rb in the cache.
1480438966,,ui,message,    amazon-ebs: [2016-11-29T17:02:47+00:00] INFO: Storing updated cookbooks/compat_resource/files/lib/chef_compat/copied_from_chef/chef/property.rb in the cache.
1480438966,,ui,message,    amazon-ebs: [2016-11-29T17:02:47+00:00] INFO: Storing updated cookbooks/compat_resource/files/lib/chef_compat/copied_from_chef/chef/provider/yum_repository.rb in the cache.
1480438966,,ui,message,    amazon-ebs: [2016-11-29T17:02:47+00:00] INFO: Storing updated cookbooks/compat_resource/files/lib/chef_compat/copied_from_chef/chef/resource/apt_update.rb in the cache.
1480438966,,ui,message,    amazon-ebs: [2016-11-29T17:02:47+00:00] INFO: Storing updated cookbooks/compat_resource/files/lib/chef_compat/monkeypatches/chef/exceptions.rb in the cache.
1480438966,,ui,message,    amazon-ebs: [2016-11-29T17:02:47+00:00] INFO: Storing updated cookbooks/compat_resource/files/lib/chef_compat/copied_from_chef.rb in the cache.
1480438966,,ui,message,    amazon-ebs: [2016-11-29T17:02:47+00:00] INFO: Storing updated cookbooks/compat_resource/files/lib/chef_compat/copied_from_chef/chef/resource/yum_repository.rb in the cache.
1480438966,,ui,message,    amazon-ebs: [2016-11-29T17:02:47+00:00] INFO: Storing updated cookbooks/compat_resource/files/lib/chef_compat/copied_from_chef/chef/provider.rb in the cache.
1480438966,,ui,message,    amazon-ebs: [2016-11-29T17:02:47+00:00] INFO: Storing updated cookbooks/compat_resource/files/lib/chef_compat/monkeypatches/chef/log.rb in the cache.
1480438966,,ui,message,    amazon-ebs: [2016-11-29T17:02:47+00:00] INFO: Storing updated cookbooks/compat_resource/files/lib/chef_compat/copied_from_chef/chef/resource/systemd_unit.rb in the cache.
1480438966,,ui,message,    amazon-ebs: [2016-11-29T17:02:47+00:00] INFO: Storing updated cookbooks/compat_resource/files/lib/chef_compat/copied_from_chef/chef/resource.rb in the cache.
1480438966,,ui,message,    amazon-ebs: [2016-11-29T17:02:47+00:00] INFO: Storing updated cookbooks/compat_resource/files/lib/chef_compat/monkeypatches/chef/mixin/params_validate.rb in the cache.
1480438966,,ui,message,    amazon-ebs: [2016-11-29T17:02:47+00:00] INFO: Storing updated cookbooks/compat_resource/files/lib/chef_compat/monkeypatches/chef/recipe_hook.rb in the cache.
1480438966,,ui,message,    amazon-ebs: [2016-11-29T17:02:47+00:00] INFO: Storing updated cookbooks/compat_resource/files/lib/chef_compat/copied_from_chef/chef/resource_builder.rb in the cache.
1480438966,,ui,message,    amazon-ebs: [2016-11-29T17:02:47+00:00] INFO: Storing updated cookbooks/compat_resource/files/lib/chef_compat/monkeypatches/chef/node.rb in the cache.
1480438966,,ui,message,    amazon-ebs: [2016-11-29T17:02:47+00:00] INFO: Storing updated cookbooks/compat_resource/files/lib/chef_compat/mixin/properties.rb in the cache.
1480438966,,ui,message,    amazon-ebs: [2016-11-29T17:02:47+00:00] INFO: Storing updated cookbooks/compat_resource/files/lib/chef_compat/monkeypatches/chef/resource_builder.rb in the cache.
1480438966,,ui,message,    amazon-ebs: [2016-11-29T17:02:47+00:00] INFO: Storing updated cookbooks/compat_resource/files/lib/chef_compat/monkeypatches/chef/resource_collection/resource_set.rb in the cache.
1480438966,,ui,message,    amazon-ebs: [2016-11-29T17:02:47+00:00] INFO: Storing updated cookbooks/compat_resource/files/lib/chef_compat/monkeypatches/chef/resource/lwrp_base.rb in the cache.
1480438966,,ui,message,    amazon-ebs: [2016-11-29T17:02:47+00:00] INFO: Storing updated cookbooks/compat_resource/files/lib/chef_compat/monkeypatches/chef/resource.rb in the cache.
1480438966,,ui,message,    amazon-ebs: [2016-11-29T17:02:47+00:00] INFO: Storing updated cookbooks/compat_resource/files/lib/chef_compat/monkeypatches/chef/run_context.rb in the cache.
1480438966,,ui,message,    amazon-ebs: [2016-11-29T17:02:47+00:00] INFO: Storing updated cookbooks/compat_resource/files/lib/chef_compat/monkeypatches/chef/provider.rb in the cache.
1480438966,,ui,message,    amazon-ebs: [2016-11-29T17:02:47+00:00] INFO: Storing updated cookbooks/compat_resource/files/lib/chef_compat/monkeypatches/chef/resource_collection/resource_list.rb in the cache.
1480438966,,ui,message,    amazon-ebs: [2016-11-29T17:02:47+00:00] INFO: Storing updated cookbooks/compat_resource/files/lib/chef_compat/monkeypatches/chef/recipe.rb in the cache.
1480438966,,ui,message,    amazon-ebs: [2016-11-29T17:02:47+00:00] INFO: Storing updated cookbooks/compat_resource/files/lib/chef_compat/monkeypatches/chef/runner.rb in the cache.
1480438966,,ui,message,    amazon-ebs: [2016-11-29T17:02:47+00:00] INFO: Storing updated cookbooks/compat_resource/files/lib/chef_compat/monkeypatches/chef/resource_collection.rb in the cache.
1480438966,,ui,message,    amazon-ebs: [2016-11-29T17:02:47+00:00] INFO: Storing updated cookbooks/compat_resource/files/lib/chef_compat/monkeypatches/chef/property.rb in the cache.
1480438966,,ui,message,    amazon-ebs: [2016-11-29T17:02:47+00:00] INFO: Storing updated cookbooks/compat_resource/files/lib/chef_compat/resource.rb in the cache.
1480438966,,ui,message,    amazon-ebs: [2016-11-29T17:02:47+00:00] INFO: Storing updated cookbooks/compat_resource/files/lib/chef_compat/recipe.rb in the cache.
1480438966,,ui,message,    amazon-ebs: [2016-11-29T17:02:47+00:00] INFO: Storing updated cookbooks/compat_resource/files/lib/chef_compat/monkeypatches.rb in the cache.
1480438966,,ui,message,    amazon-ebs: [2016-11-29T17:02:47+00:00] INFO: Storing updated cookbooks/compat_resource/files/lib/chef_compat/property.rb in the cache.
1480438966,,ui,message,    amazon-ebs: [2016-11-29T17:02:47+00:00] INFO: Storing updated cookbooks/compat_resource/metadata.json in the cache.
1480438966,,ui,message,    amazon-ebs: [2016-11-29T17:02:47+00:00] INFO: Storing updated cookbooks/compat_resource/files/lib/chef_compat/monkeypatches/chef.rb in the cache.
1480438966,,ui,message,    amazon-ebs: [2016-11-29T17:02:47+00:00] INFO: Storing updated cookbooks/compat_resource/README.md in the cache.
1480438966,,ui,message,    amazon-ebs: [2016-11-29T17:02:47+00:00] INFO: Storing updated cookbooks/compat_resource/MAINTAINERS.md in the cache.
1480438966,,ui,message,    amazon-ebs: [2016-11-29T17:02:47+00:00] INFO: Storing updated cookbooks/compat_resource/files/lib/chef_upstream_version.rb in the cache.
1480438966,,ui,message,    amazon-ebs: [2016-11-29T17:02:47+00:00] INFO: Storing updated cookbooks/compat_resource/CONTRIBUTING.md in the cache.
1480438966,,ui,message,    amazon-ebs: [2016-11-29T17:02:47+00:00] INFO: Storing updated cookbooks/compat_resource/files/lib/chef_compat/resource/lwrp_base.rb in the cache.
1480438966,,ui,message,    amazon-ebs: [2016-11-29T17:02:47+00:00] INFO: Storing updated cookbooks/compat_resource/files/lib/compat_resource.rb in the cache.
1480438966,,ui,message,    amazon-ebs: [2016-11-29T17:02:47+00:00] INFO: Storing updated cookbooks/homebrew/recipes/install_casks.rb in the cache.
1480438966,,ui,message,    amazon-ebs: [2016-11-29T17:02:47+00:00] INFO: Storing updated cookbooks/homebrew/resources/tap.rb in the cache.
1480438966,,ui,message,    amazon-ebs: [2016-11-29T17:02:47+00:00] INFO: Storing updated cookbooks/homebrew/providers/tap.rb in the cache.
1480438966,,ui,message,    amazon-ebs: [2016-11-29T17:02:47+00:00] INFO: Storing updated cookbooks/homebrew/libraries/homebrew_package.rb in the cache.
1480438966,,ui,message,    amazon-ebs: [2016-11-29T17:02:47+00:00] INFO: Storing updated cookbooks/homebrew/recipes/install_taps.rb in the cache.
1480438966,,ui,message,    amazon-ebs: [2016-11-29T17:02:47+00:00] INFO: Storing updated cookbooks/homebrew/resources/cask.rb in the cache.
1480438966,,ui,message,    amazon-ebs: [2016-11-29T17:02:47+00:00] INFO: Storing updated cookbooks/homebrew/recipes/default.rb in the cache.
1480438966,,ui,message,    amazon-ebs: [2016-11-29T17:02:47+00:00] INFO: Storing updated cookbooks/homebrew/libraries/homebrew_mixin.rb in the cache.
1480438966,,ui,message,    amazon-ebs: [2016-11-29T17:02:47+00:00] INFO: Storing updated cookbooks/compat_resource/CHANGELOG.md in the cache.
1480438966,,ui,message,    amazon-ebs: [2016-11-29T17:02:47+00:00] INFO: Storing updated cookbooks/homebrew/libraries/matchers.rb in the cache.
1480438966,,ui,message,    amazon-ebs: [2016-11-29T17:02:47+00:00] INFO: Storing updated cookbooks/homebrew/recipes/install_formulas.rb in the cache.
1480438966,,ui,message,    amazon-ebs: [2016-11-29T17:02:47+00:00] INFO: Storing updated cookbooks/homebrew/recipes/cask.rb in the cache.
1480438966,,ui,message,    amazon-ebs: [2016-11-29T17:02:47+00:00] INFO: Storing updated cookbooks/homebrew/providers/cask.rb in the cache.
1480438966,,ui,message,    amazon-ebs: [2016-11-29T17:02:47+00:00] INFO: Storing updated cookbooks/homebrew/README.md in the cache.
1480438966,,ui,message,    amazon-ebs: [2016-11-29T17:02:47+00:00] INFO: Storing updated cookbooks/homebrew/CONTRIBUTING.md in the cache.
1480438966,,ui,message,    amazon-ebs: [2016-11-29T17:02:47+00:00] INFO: Storing updated cookbooks/homebrew/metadata.json in the cache.
1480438966,,ui,message,    amazon-ebs: [2016-11-29T17:02:47+00:00] INFO: Storing updated cookbooks/homebrew/CHANGELOG.md in the cache.
1480438966,,ui,message,    amazon-ebs: [2016-11-29T17:02:47+00:00] INFO: Storing updated cookbooks/homebrew/MAINTAINERS.md in the cache.
1480438966,,ui,message,    amazon-ebs: [2016-11-29T17:02:47+00:00] INFO: Storing updated cookbooks/ohai/resources/hint.rb in the cache.
1480438966,,ui,message,    amazon-ebs: [2016-11-29T17:02:47+00:00] INFO: Storing updated cookbooks/ohai/libraries/matchers.rb in the cache.
1480438966,,ui,message,    amazon-ebs: [2016-11-29T17:02:47+00:00] INFO: Storing updated cookbooks/homebrew/attributes/default.rb in the cache.
1480438966,,ui,message,    amazon-ebs: [2016-11-29T17:02:47+00:00] INFO: Storing updated cookbooks/ohai/CONTRIBUTING.md in the cache.
1480438966,,ui,message,    amazon-ebs: [2016-11-29T17:02:47+00:00] INFO: Storing updated cookbooks/ohai/recipes/default.rb in the cache.
1480438966,,ui,message,    amazon-ebs: [2016-11-29T17:02:47+00:00] INFO: Storing updated cookbooks/ohai/resources/plugin.rb in the cache.
1480438966,,ui,message,    amazon-ebs: [2016-11-29T17:02:47+00:00] INFO: Storing updated cookbooks/ohai/metadata.json in the cache.
1480438966,,ui,message,    amazon-ebs: [2016-11-29T17:02:47+00:00] INFO: Storing updated cookbooks/ohai/README.md in the cache.
1480438966,,ui,message,    amazon-ebs: [2016-11-29T17:02:47+00:00] INFO: Storing updated cookbooks/build-essential/resources/xcode_command_line_tools.rb in the cache.
1480438966,,ui,message,    amazon-ebs: [2016-11-29T17:02:47+00:00] INFO: Storing updated cookbooks/build-essential/recipes/_windows.rb in the cache.
1480438966,,ui,message,    amazon-ebs: [2016-11-29T17:02:47+00:00] INFO: Storing updated cookbooks/build-essential/attributes/default.rb in the cache.
1480438966,,ui,message,    amazon-ebs: [2016-11-29T17:02:47+00:00] INFO: Storing updated cookbooks/build-essential/resources/build_essential.rb in the cache.
1480438966,,ui,message,    amazon-ebs: [2016-11-29T17:02:47+00:00] INFO: Storing updated cookbooks/ohai/MAINTAINERS.md in the cache.
1480438966,,ui,message,    amazon-ebs: [2016-11-29T17:02:47+00:00] INFO: Storing updated cookbooks/build-essential/CONTRIBUTING.md in the cache.
1480438966,,ui,message,    amazon-ebs: [2016-11-29T17:02:47+00:00] INFO: Storing updated cookbooks/build-essential/metadata.json in the cache.
1480438966,,ui,message,    amazon-ebs: [2016-11-29T17:02:47+00:00] INFO: Storing updated cookbooks/ohai/CHANGELOG.md in the cache.
1480438966,,ui,message,    amazon-ebs: [2016-11-29T17:02:47+00:00] INFO: Storing updated cookbooks/build-essential/recipes/default.rb in the cache.
1480438966,,ui,message,    amazon-ebs: [2016-11-29T17:02:47+00:00] INFO: Storing updated cookbooks/build-essential/README.md in the cache.
1480438966,,ui,message,    amazon-ebs: [2016-11-29T17:02:47+00:00] INFO: Storing updated cookbooks/build-essential/MAINTAINERS.md in the cache.
1480438966,,ui,message,    amazon-ebs: [2016-11-29T17:02:47+00:00] INFO: Storing updated cookbooks/build-essential/libraries/matchers.rb in the cache.
1480438966,,ui,message,    amazon-ebs: [2016-11-29T17:02:47+00:00] INFO: Storing updated cookbooks/build-essential/CHANGELOG.md in the cache.
1480438966,,ui,message,    amazon-ebs: [2016-11-29T17:02:47+00:00] INFO: Storing updated cookbooks/build-essential/.foodcritic in the cache.
1480438966,,ui,message,    amazon-ebs: [2016-11-29T17:02:47+00:00] INFO: Storing updated cookbooks/seven_zip/providers/archive.rb in the cache.
1480438966,,ui,message,    amazon-ebs: [2016-11-29T17:02:47+00:00] INFO: Storing updated cookbooks/seven_zip/libraries/matchers.rb in the cache.
1480438966,,ui,message,    amazon-ebs: [2016-11-29T17:02:47+00:00] INFO: Storing updated cookbooks/ohai/.foodcritic in the cache.
1480438966,,ui,message,    amazon-ebs: [2016-11-29T17:02:47+00:00] INFO: Storing updated cookbooks/seven_zip/metadata.json in the cache.
1480438966,,ui,message,    amazon-ebs: [2016-11-29T17:02:47+00:00] INFO: Storing updated cookbooks/seven_zip/resources/archive.rb in the cache.
1480438966,,ui,message,    amazon-ebs: [2016-11-29T17:02:47+00:00] INFO: Storing updated cookbooks/mingw/resources/get.rb in the cache.
1480438966,,ui,message,    amazon-ebs: [2016-11-29T17:02:47+00:00] INFO: Storing updated cookbooks/seven_zip/README.md in the cache.
1480438966,,ui,message,    amazon-ebs: [2016-11-29T17:02:47+00:00] INFO: Storing updated cookbooks/mingw/resources/msys2_package.rb in the cache.
1480438966,,ui,message,    amazon-ebs: [2016-11-29T17:02:47+00:00] INFO: Storing updated cookbooks/seven_zip/CHANGELOG.md in the cache.
1480438966,,ui,message,    amazon-ebs: [2016-11-29T17:02:47+00:00] INFO: Storing updated cookbooks/mingw/recipes/default.rb in the cache.
1480438966,,ui,message,    amazon-ebs: [2016-11-29T17:02:47+00:00] INFO: Storing updated cookbooks/seven_zip/recipes/default.rb in the cache.
1480438966,,ui,message,    amazon-ebs: [2016-11-29T17:02:47+00:00] INFO: Storing updated cookbooks/mingw/resources/tdm_gcc.rb in the cache.
1480438966,,ui,message,    amazon-ebs: [2016-11-29T17:02:47+00:00] INFO: Storing updated cookbooks/seven_zip/attributes/default.rb in the cache.
1480438966,,ui,message,    amazon-ebs: [2016-11-29T17:02:47+00:00] INFO: Storing updated cookbooks/mingw/libraries/_helper.rb in the cache.
1480438966,,ui,message,    amazon-ebs: [2016-11-29T17:02:47+00:00] INFO: Storing updated cookbooks/mingw/files/default/custom_prefix.sh in the cache.
1480438966,,ui,message,    amazon-ebs: [2016-11-29T17:02:47+00:00] INFO: Storing updated cookbooks/mingw/files/default/time.h in the cache.
1480438966,,ui,message,    amazon-ebs: [2016-11-29T17:02:47+00:00] INFO: Storing updated cookbooks/mingw/files/default/pthread.h in the cache.
1480438966,,ui,message,    amazon-ebs: [2016-11-29T17:02:47+00:00] INFO: Storing updated cookbooks/mingw/files/default/bash.bat in the cache.
1480438966,,ui,message,    amazon-ebs: [2016-11-29T17:02:47+00:00] INFO: Storing updated cookbooks/mingw/files/default/custom-upgrade.sh in the cache.
1480438966,,ui,message,    amazon-ebs: [2016-11-29T17:02:47+00:00] INFO: Storing updated cookbooks/mingw/metadata.json in the cache.
1480438966,,ui,message,    amazon-ebs: [2016-11-29T17:02:47+00:00] INFO: Storing updated cookbooks/mingw/README.md in the cache.
1480438966,,ui,message,    amazon-ebs: [2016-11-29T17:02:47+00:00] INFO: Storing updated cookbooks/mingw/.foodcritic in the cache.
1480438966,,ui,message,    amazon-ebs: [2016-11-29T17:02:47+00:00] INFO: Storing updated cookbooks/mingw/CHANGELOG.md in the cache.
1480438966,,ui,message,    amazon-ebs: [2016-11-29T17:02:47+00:00] INFO: Storing updated cookbooks/mingw/CONTRIBUTING.md in the cache.
1480438966,,ui,message,    amazon-ebs: [2016-11-29T17:02:47+00:00] INFO: Storing updated cookbooks/mingw/MAINTAINERS.md in the cache.
1480438966,,ui,message,    amazon-ebs: [2016-11-29T17:02:47+00:00] WARN: Chef::Provider::AptRepository already exists!  Cannot create deprecation class for LWRP provider apt_repository from cookbook apt
1480438966,,ui,message,    amazon-ebs: [2016-11-29T17:02:47+00:00] WARN: AptRepository already exists!  Deprecation class overwrites Custom resource apt_repository from cookbook apt
1480438966,,ui,message,    amazon-ebs: [2016-11-29T17:02:47+00:00] WARN: Chef::Provider::YumRepository already exists!  Cannot create deprecation class for LWRP provider yum_repository from cookbook yum
1480438966,,ui,message,    amazon-ebs: [2016-11-29T17:02:47+00:00] WARN: YumRepository already exists!  Deprecation class overwrites Custom resource yum_repository from cookbook yum
1480438966,,ui,message,    amazon-ebs: [2016-11-29T17:02:47+00:00] INFO: Processing log[jdk-version-changed] action nothing (java::notify line 29)
1480438966,,ui,message,    amazon-ebs: [2016-11-29T17:02:47+00:00] INFO: Processing file[/var/lib/apt/periodic/update-success-stamp] action nothing (apt::default line 26)
1480438966,,ui,message,    amazon-ebs: [2016-11-29T17:02:47+00:00] INFO: Processing apt_update[periodic] action periodic (apt::default line 37)
1480438966,,ui,message,    amazon-ebs: [2016-11-29T17:02:47+00:00] INFO: Processing directory[/var/lib/apt/periodic] action create (/opt/chef/embedded/lib/ruby/gems/2.3.0/gems/chef-12.16.42/lib/chef/provider/apt_update.rb line 70)
1480438966,,ui,message,    amazon-ebs: [2016-11-29T17:02:47+00:00] INFO: Processing directory[/etc/apt/apt.conf.d] action create (/opt/chef/embedded/lib/ruby/gems/2.3.0/gems/chef-12.16.42/lib/chef/provider/apt_update.rb line 70)
1480438966,,ui,message,    amazon-ebs: [2016-11-29T17:02:47+00:00] INFO: Processing file[/etc/apt/apt.conf.d/15update-stamp] action create_if_missing (/opt/chef/embedded/lib/ruby/gems/2.3.0/gems/chef-12.16.42/lib/chef/provider/apt_update.rb line 75)
1480438966,,ui,message,    amazon-ebs: [2016-11-29T17:02:47+00:00] INFO: Processing execute[apt-get -q update] action run (/opt/chef/embedded/lib/ruby/gems/2.3.0/gems/chef-12.16.42/lib/chef/provider/apt_update.rb line 80)
1480438982,,ui,message,    amazon-ebs: [2016-11-29T17:03:03+00:00] INFO: execute[apt-get -q update] ran successfully
1480438982,,ui,message,    amazon-ebs: [2016-11-29T17:03:03+00:00] INFO: Processing execute[apt-get update] action nothing (apt::default line 42)
1480438982,,ui,message,    amazon-ebs: [2016-11-29T17:03:03+00:00] INFO: Processing execute[apt-get autoremove] action nothing (apt::default line 51)
1480438982,,ui,message,    amazon-ebs: [2016-11-29T17:03:03+00:00] INFO: Processing execute[apt-get autoclean] action nothing (apt::default line 61)
1480438982,,ui,message,    amazon-ebs: [2016-11-29T17:03:03+00:00] INFO: Processing directory[/var/cache/local] action create (apt::default line 68)
1480438982,,ui,message,    amazon-ebs: [2016-11-29T17:03:03+00:00] INFO: directory[/var/cache/local] created directory /var/cache/local
1480438982,,ui,message,    amazon-ebs: [2016-11-29T17:03:03+00:00] INFO: directory[/var/cache/local] owner changed to 0
1480438982,,ui,message,    amazon-ebs: [2016-11-29T17:03:03+00:00] INFO: directory[/var/cache/local] group changed to 0
1480438982,,ui,message,    amazon-ebs: [2016-11-29T17:03:03+00:00] INFO: directory[/var/cache/local] mode changed to 755
1480438982,,ui,message,    amazon-ebs: [2016-11-29T17:03:03+00:00] INFO: Processing directory[/var/cache/local/preseeding] action create (apt::default line 68)
1480438982,,ui,message,    amazon-ebs: [2016-11-29T17:03:03+00:00] INFO: directory[/var/cache/local/preseeding] created directory /var/cache/local/preseeding
1480438982,,ui,message,    amazon-ebs: [2016-11-29T17:03:03+00:00] INFO: directory[/var/cache/local/preseeding] owner changed to 0
1480438982,,ui,message,    amazon-ebs: [2016-11-29T17:03:03+00:00] INFO: directory[/var/cache/local/preseeding] group changed to 0
1480438982,,ui,message,    amazon-ebs: [2016-11-29T17:03:03+00:00] INFO: directory[/var/cache/local/preseeding] mode changed to 755
1480438982,,ui,message,    amazon-ebs: [2016-11-29T17:03:03+00:00] INFO: Processing template[/etc/apt/apt.conf.d/10recommends] action create (apt::default line 77)
1480438982,,ui,message,    amazon-ebs: [2016-11-29T17:03:03+00:00] INFO: template[/etc/apt/apt.conf.d/10recommends] created file /etc/apt/apt.conf.d/10recommends
1480438982,,ui,message,    amazon-ebs: [2016-11-29T17:03:03+00:00] INFO: template[/etc/apt/apt.conf.d/10recommends] updated file contents /etc/apt/apt.conf.d/10recommends
1480438982,,ui,message,    amazon-ebs: [2016-11-29T17:03:03+00:00] INFO: template[/etc/apt/apt.conf.d/10recommends] owner changed to 0
1480438982,,ui,message,    amazon-ebs: [2016-11-29T17:03:03+00:00] INFO: template[/etc/apt/apt.conf.d/10recommends] group changed to 0
1480438982,,ui,message,    amazon-ebs: [2016-11-29T17:03:03+00:00] INFO: template[/etc/apt/apt.conf.d/10recommends] mode changed to 644
1480438982,,ui,message,    amazon-ebs: [2016-11-29T17:03:03+00:00] INFO: Processing apt_package[apt-transport-https] action install (apt::default line 85)
1480438982,,ui,message,    amazon-ebs: [2016-11-29T17:03:03+00:00] INFO: Processing apt_repository[openjdk-r-ppa] action add (java::openjdk line 47)
1480438982,,ui,message,    amazon-ebs: [2016-11-29T17:03:03+00:00] INFO: Processing execute[apt-cache gencaches] action nothing (/opt/chef/embedded/lib/ruby/gems/2.3.0/gems/chef-12.16.42/lib/chef/provider/apt_repository.rb line 54)
1480438982,,ui,message,    amazon-ebs: [2016-11-29T17:03:03+00:00] INFO: Processing apt_update[openjdk-r-ppa] action nothing (/opt/chef/embedded/lib/ruby/gems/2.3.0/gems/chef-12.16.42/lib/chef/provider/apt_repository.rb line 59)
1480438982,,ui,message,    amazon-ebs: [2016-11-29T17:03:03+00:00] INFO: Processing execute[install-key DA1A4A13543B466853BAF164EB9B1D8886F44E2A] action run (/opt/chef/embedded/lib/ruby/gems/2.3.0/gems/chef-12.16.42/lib/chef/provider/apt_repository.rb line 197)
1480438982,,ui,message,    amazon-ebs: [2016-11-29T17:03:03+00:00] INFO: execute[install-key DA1A4A13543B466853BAF164EB9B1D8886F44E2A] ran successfully
1480438982,,ui,message,    amazon-ebs: [2016-11-29T17:03:03+00:00] INFO: execute[install-key DA1A4A13543B466853BAF164EB9B1D8886F44E2A] sending run action to execute[apt-cache gencaches] (immediate)
1480438982,,ui,message,    amazon-ebs: [2016-11-29T17:03:03+00:00] INFO: Processing execute[apt-cache gencaches] action run (/opt/chef/embedded/lib/ruby/gems/2.3.0/gems/chef-12.16.42/lib/chef/provider/apt_repository.rb line 54)
1480438982,,ui,message,    amazon-ebs: [2016-11-29T17:03:03+00:00] INFO: execute[apt-cache gencaches] ran successfully
1480438982,,ui,message,    amazon-ebs: [2016-11-29T17:03:03+00:00] INFO: Processing file[/etc/apt/sources.list.d/openjdk-r-ppa.list] action create (/opt/chef/embedded/lib/ruby/gems/2.3.0/gems/chef-12.16.42/lib/chef/provider/apt_repository.rb line 79)
1480438982,,ui,message,    amazon-ebs: [2016-11-29T17:03:03+00:00] INFO: file[/etc/apt/sources.list.d/openjdk-r-ppa.list] created file /etc/apt/sources.list.d/openjdk-r-ppa.list
1480438982,,ui,message,    amazon-ebs: [2016-11-29T17:03:03+00:00] INFO: file[/etc/apt/sources.list.d/openjdk-r-ppa.list] updated file contents /etc/apt/sources.list.d/openjdk-r-ppa.list
1480438982,,ui,message,    amazon-ebs: [2016-11-29T17:03:03+00:00] INFO: file[/etc/apt/sources.list.d/openjdk-r-ppa.list] owner changed to 0
1480438982,,ui,message,    amazon-ebs: [2016-11-29T17:03:03+00:00] INFO: file[/etc/apt/sources.list.d/openjdk-r-ppa.list] group changed to 0
1480438982,,ui,message,    amazon-ebs: [2016-11-29T17:03:03+00:00] INFO: file[/etc/apt/sources.list.d/openjdk-r-ppa.list] mode changed to 644
1480438982,,ui,message,    amazon-ebs: [2016-11-29T17:03:03+00:00] INFO: file[/etc/apt/sources.list.d/openjdk-r-ppa.list] sending run action to execute[apt-cache gencaches] (immediate)
1480438982,,ui,message,    amazon-ebs: [2016-11-29T17:03:03+00:00] INFO: Processing execute[apt-cache gencaches] action run (/opt/chef/embedded/lib/ruby/gems/2.3.0/gems/chef-12.16.42/lib/chef/provider/apt_repository.rb line 54)
1480438983,,ui,message,    amazon-ebs: [2016-11-29T17:03:03+00:00] INFO: execute[apt-cache gencaches] ran successfully
1480438983,,ui,message,    amazon-ebs: [2016-11-29T17:03:03+00:00] INFO: file[/etc/apt/sources.list.d/openjdk-r-ppa.list] sending update action to apt_update[openjdk-r-ppa] (immediate)
1480438983,,ui,message,    amazon-ebs: [2016-11-29T17:03:03+00:00] INFO: Processing apt_update[openjdk-r-ppa] action update (/opt/chef/embedded/lib/ruby/gems/2.3.0/gems/chef-12.16.42/lib/chef/provider/apt_repository.rb line 59)
1480438983,,ui,message,    amazon-ebs: [2016-11-29T17:03:03+00:00] INFO: Processing directory[/var/lib/apt/periodic] action create (/opt/chef/embedded/lib/ruby/gems/2.3.0/gems/chef-12.16.42/lib/chef/provider/apt_update.rb line 70)
1480438983,,ui,message,    amazon-ebs: [2016-11-29T17:03:03+00:00] INFO: Processing directory[/etc/apt/apt.conf.d] action create (/opt/chef/embedded/lib/ruby/gems/2.3.0/gems/chef-12.16.42/lib/chef/provider/apt_update.rb line 70)
1480438983,,ui,message,    amazon-ebs: [2016-11-29T17:03:03+00:00] INFO: Processing file[/etc/apt/apt.conf.d/15update-stamp] action create_if_missing (/opt/chef/embedded/lib/ruby/gems/2.3.0/gems/chef-12.16.42/lib/chef/provider/apt_update.rb line 75)
1480438983,,ui,message,    amazon-ebs: [2016-11-29T17:03:03+00:00] INFO: Processing execute[apt-get -q update] action run (/opt/chef/embedded/lib/ruby/gems/2.3.0/gems/chef-12.16.42/lib/chef/provider/apt_update.rb line 80)
1480438989,,ui,message,    amazon-ebs: [2016-11-29T17:03:10+00:00] INFO: execute[apt-get -q update] ran successfully
1480438989,,ui,message,    amazon-ebs: [2016-11-29T17:03:10+00:00] INFO: Processing apt_package[openjdk-8-jdk] action install (java::openjdk line 54)
1480439066,,ui,message,    amazon-ebs: [2016-11-29T17:04:27+00:00] INFO: apt_package[openjdk-8-jdk] installed openjdk-8-jdk at 8u111-b14-3~14.04.1
1480439066,,ui,message,    amazon-ebs: [2016-11-29T17:04:27+00:00] INFO: apt_package[openjdk-8-jdk] sending write action to log[jdk-version-changed] (immediate)
1480439066,,ui,message,    amazon-ebs: [2016-11-29T17:04:27+00:00] INFO: Processing log[jdk-version-changed] action write (java::notify line 29)
1480439066,,ui,message,    amazon-ebs: [2016-11-29T17:04:27+00:00] INFO: A new version of java was installed
1480439066,,ui,message,    amazon-ebs: [2016-11-29T17:04:27+00:00] INFO: Processing apt_package[openjdk-8-jre-headless] action install (java::openjdk line 54)
1480439066,,ui,message,    amazon-ebs: [2016-11-29T17:04:27+00:00] INFO: Processing java_alternatives[set-java-alternatives] action set (java::openjdk line 60)
1480439070,,ui,message,    amazon-ebs: [2016-11-29T17:04:31+00:00] INFO: Processing link[/usr/lib/jvm/default-java] action create (java::default_java_symlink line 16)
1480439070,,ui,message,    amazon-ebs: [2016-11-29T17:04:31+00:00] INFO: link[/usr/lib/jvm/default-java] created
1480439070,,ui,message,    amazon-ebs: [2016-11-29T17:04:31+00:00] INFO: Processing ruby_block[set-env-java-home] action run (java::set_java_home line 19)
1480439070,,ui,message,    amazon-ebs: [2016-11-29T17:04:31+00:00] INFO: ruby_block[set-env-java-home] called
1480439070,,ui,message,    amazon-ebs: [2016-11-29T17:04:31+00:00] INFO: Processing directory[/etc/profile.d] action create (java::set_java_home line 26)
1480439070,,ui,message,    amazon-ebs: [2016-11-29T17:04:31+00:00] INFO: Processing template[/etc/profile.d/jdk.sh] action create (java::set_java_home line 30)
1480439070,,ui,message,    amazon-ebs: [2016-11-29T17:04:31+00:00] INFO: template[/etc/profile.d/jdk.sh] created file /etc/profile.d/jdk.sh
1480439070,,ui,message,    amazon-ebs: [2016-11-29T17:04:31+00:00] INFO: template[/etc/profile.d/jdk.sh] updated file contents /etc/profile.d/jdk.sh
1480439070,,ui,message,    amazon-ebs: [2016-11-29T17:04:31+00:00] INFO: template[/etc/profile.d/jdk.sh] mode changed to 755
1480439070,,ui,message,    amazon-ebs: [2016-11-29T17:04:31+00:00] INFO: Processing ohai[reload_passwd] action nothing (gocd::server_linux_install line 3)
1480439070,,ui,message,    amazon-ebs: [2016-11-29T17:04:31+00:00] INFO: Processing apt_package[unzip] action install (gocd::server_linux_install line 9)
1480439070,,ui,message,    amazon-ebs: [2016-11-29T17:04:31+00:00] INFO: Processing apt_repository[gocd] action add (gocd::repository line 5)
1480439070,,ui,message,    amazon-ebs: [2016-11-29T17:04:31+00:00] INFO: Processing remote_file[/cookbooks/local-mode-cache/cache/https___download_go_cd_GOCD-GPG-KEY_asc] action create (/opt/chef/embedded/lib/ruby/gems/2.3.0/gems/chef-12.16.42/lib/chef/provider/apt_repository.rb line 166)
1480439071,,ui,message,    amazon-ebs: [2016-11-29T17:04:31+00:00] INFO: remote_file[/cookbooks/local-mode-cache/cache/https___download_go_cd_GOCD-GPG-KEY_asc] created file /cookbooks/local-mode-cache/cache/https___download_go_cd_GOCD-GPG-KEY_asc
1480439071,,ui,message,    amazon-ebs: [2016-11-29T17:04:31+00:00] INFO: remote_file[/cookbooks/local-mode-cache/cache/https___download_go_cd_GOCD-GPG-KEY_asc] updated file contents /cookbooks/local-mode-cache/cache/https___download_go_cd_GOCD-GPG-KEY_asc
1480439071,,ui,message,    amazon-ebs: [2016-11-29T17:04:31+00:00] INFO: remote_file[/cookbooks/local-mode-cache/cache/https___download_go_cd_GOCD-GPG-KEY_asc] mode changed to 644
1480439071,,ui,message,    amazon-ebs: [2016-11-29T17:04:31+00:00] INFO: Processing execute[apt-key add /cookbooks/local-mode-cache/cache/https___download_go_cd_GOCD-GPG-KEY_asc] action run (/opt/chef/embedded/lib/ruby/gems/2.3.0/gems/chef-12.16.42/lib/chef/provider/apt_repository.rb line 175)
1480439071,,ui,message,    amazon-ebs: [2016-11-29T17:04:32+00:00] INFO: execute[apt-key add /cookbooks/local-mode-cache/cache/https___download_go_cd_GOCD-GPG-KEY_asc] ran successfully
1480439071,,ui,message,    amazon-ebs: [2016-11-29T17:04:32+00:00] INFO: execute[apt-key add /cookbooks/local-mode-cache/cache/https___download_go_cd_GOCD-GPG-KEY_asc] sending run action to execute[apt-cache gencaches] (immediate)
1480439071,,ui,message,    amazon-ebs: [2016-11-29T17:04:32+00:00] INFO: Processing execute[apt-cache gencaches] action run (/opt/chef/embedded/lib/ruby/gems/2.3.0/gems/chef-12.16.42/lib/chef/provider/apt_repository.rb line 54)
1480439071,,ui,message,    amazon-ebs: [2016-11-29T17:04:32+00:00] INFO: execute[apt-cache gencaches] ran successfully
1480439071,,ui,message,    amazon-ebs: [2016-11-29T17:04:32+00:00] INFO: Processing execute[apt-cache gencaches] action nothing (/opt/chef/embedded/lib/ruby/gems/2.3.0/gems/chef-12.16.42/lib/chef/provider/apt_repository.rb line 54)
1480439071,,ui,message,    amazon-ebs: [2016-11-29T17:04:32+00:00] INFO: Processing apt_update[gocd] action nothing (/opt/chef/embedded/lib/ruby/gems/2.3.0/gems/chef-12.16.42/lib/chef/provider/apt_repository.rb line 59)
1480439071,,ui,message,    amazon-ebs: [2016-11-29T17:04:32+00:00] INFO: Processing file[/etc/apt/sources.list.d/gocd.list] action create (/opt/chef/embedded/lib/ruby/gems/2.3.0/gems/chef-12.16.42/lib/chef/provider/apt_repository.rb line 79)
1480439071,,ui,message,    amazon-ebs: [2016-11-29T17:04:32+00:00] INFO: file[/etc/apt/sources.list.d/gocd.list] created file /etc/apt/sources.list.d/gocd.list
1480439071,,ui,message,    amazon-ebs: [2016-11-29T17:04:32+00:00] INFO: file[/etc/apt/sources.list.d/gocd.list] updated file contents /etc/apt/sources.list.d/gocd.list
1480439071,,ui,message,    amazon-ebs: [2016-11-29T17:04:32+00:00] INFO: file[/etc/apt/sources.list.d/gocd.list] owner changed to 0
1480439071,,ui,message,    amazon-ebs: [2016-11-29T17:04:32+00:00] INFO: file[/etc/apt/sources.list.d/gocd.list] group changed to 0
1480439071,,ui,message,    amazon-ebs: [2016-11-29T17:04:32+00:00] INFO: file[/etc/apt/sources.list.d/gocd.list] mode changed to 644
1480439071,,ui,message,    amazon-ebs: [2016-11-29T17:04:32+00:00] INFO: file[/etc/apt/sources.list.d/gocd.list] sending run action to execute[apt-cache gencaches] (immediate)
1480439071,,ui,message,    amazon-ebs: [2016-11-29T17:04:32+00:00] INFO: Processing execute[apt-cache gencaches] action run (/opt/chef/embedded/lib/ruby/gems/2.3.0/gems/chef-12.16.42/lib/chef/provider/apt_repository.rb line 54)
1480439074,,ui,message,    amazon-ebs: [2016-11-29T17:04:35+00:00] INFO: execute[apt-cache gencaches] ran successfully
1480439074,,ui,message,    amazon-ebs: [2016-11-29T17:04:35+00:00] INFO: file[/etc/apt/sources.list.d/gocd.list] sending update action to apt_update[gocd] (immediate)
1480439074,,ui,message,    amazon-ebs: [2016-11-29T17:04:35+00:00] INFO: Processing apt_update[gocd] action update (/opt/chef/embedded/lib/ruby/gems/2.3.0/gems/chef-12.16.42/lib/chef/provider/apt_repository.rb line 59)
1480439074,,ui,message,    amazon-ebs: [2016-11-29T17:04:35+00:00] INFO: Processing directory[/var/lib/apt/periodic] action create (/opt/chef/embedded/lib/ruby/gems/2.3.0/gems/chef-12.16.42/lib/chef/provider/apt_update.rb line 70)
1480439074,,ui,message,    amazon-ebs: [2016-11-29T17:04:35+00:00] INFO: Processing directory[/etc/apt/apt.conf.d] action create (/opt/chef/embedded/lib/ruby/gems/2.3.0/gems/chef-12.16.42/lib/chef/provider/apt_update.rb line 70)
1480439074,,ui,message,    amazon-ebs: [2016-11-29T17:04:35+00:00] INFO: Processing file[/etc/apt/apt.conf.d/15update-stamp] action create_if_missing (/opt/chef/embedded/lib/ruby/gems/2.3.0/gems/chef-12.16.42/lib/chef/provider/apt_update.rb line 75)
1480439074,,ui,message,    amazon-ebs: [2016-11-29T17:04:35+00:00] INFO: Processing execute[apt-get -q update] action run (/opt/chef/embedded/lib/ruby/gems/2.3.0/gems/chef-12.16.42/lib/chef/provider/apt_update.rb line 80)
1480439080,,ui,message,    amazon-ebs: [2016-11-29T17:04:40+00:00] INFO: execute[apt-get -q update] ran successfully
1480439080,,ui,message,    amazon-ebs: [2016-11-29T17:04:40+00:00] INFO: Processing apt_package[go-server] action install (gocd::server_linux_install line 14)
1480439126,,ui,message,    amazon-ebs: [2016-11-29T17:05:27+00:00] INFO: apt_package[go-server] installed go-server at 16.11.0-4185
1480439126,,ui,message,    amazon-ebs: [2016-11-29T17:05:27+00:00] INFO: apt_package[go-server] sending reload action to ohai[reload_passwd] (immediate)
1480439126,,ui,message,    amazon-ebs: [2016-11-29T17:05:27+00:00] INFO: Processing ohai[reload_passwd] action reload (gocd::server_linux_install line 3)
1480439126,,ui,message,    amazon-ebs: [2016-11-29T17:05:27+00:00] INFO: ohai[reload_passwd] reloaded
1480439126,,ui,message,    amazon-ebs: [2016-11-29T17:05:27+00:00] INFO: Processing gocd_plugin[go-nuget-poller] action create (gocd-server::default line 11)
1480439126,,ui,message,    amazon-ebs: [2016-11-29T17:05:27+00:00] INFO: Processing remote_file[/var/lib/go-server/plugins/external/go-nuget-poller.jar] action create (/cookbooks/local-mode-cache/cache/cookbooks/gocd/resources/plugin.rb line 15)
1480439129,,ui,message,    amazon-ebs: [2016-11-29T17:05:30+00:00] INFO: remote_file[/var/lib/go-server/plugins/external/go-nuget-poller.jar] created file /var/lib/go-server/plugins/external/go-nuget-poller.jar
1480439129,,ui,message,    amazon-ebs: [2016-11-29T17:05:30+00:00] INFO: remote_file[/var/lib/go-server/plugins/external/go-nuget-poller.jar] updated file contents /var/lib/go-server/plugins/external/go-nuget-poller.jar
1480439129,,ui,message,    amazon-ebs: [2016-11-29T17:05:30+00:00] INFO: remote_file[/var/lib/go-server/plugins/external/go-nuget-poller.jar] owner changed to 999
1480439129,,ui,message,    amazon-ebs: [2016-11-29T17:05:30+00:00] INFO: remote_file[/var/lib/go-server/plugins/external/go-nuget-poller.jar] group changed to 999
1480439129,,ui,message,    amazon-ebs: [2016-11-29T17:05:30+00:00] INFO: remote_file[/var/lib/go-server/plugins/external/go-nuget-poller.jar] mode changed to 770
1480439129,,ui,message,    amazon-ebs: [2016-11-29T17:05:30+00:00] INFO: Processing gocd_plugin[artifactory-poller] action create (gocd-server::default line 16)
1480439129,,ui,message,    amazon-ebs: [2016-11-29T17:05:30+00:00] INFO: Processing remote_file[/var/lib/go-server/plugins/external/artifactory-poller.jar] action create (/cookbooks/local-mode-cache/cache/cookbooks/gocd/resources/plugin.rb line 15)
1480439134,,ui,message,    amazon-ebs: [2016-11-29T17:05:35+00:00] INFO: remote_file[/var/lib/go-server/plugins/external/artifactory-poller.jar] created file /var/lib/go-server/plugins/external/artifactory-poller.jar
1480439135,,ui,message,    amazon-ebs: [2016-11-29T17:05:35+00:00] INFO: remote_file[/var/lib/go-server/plugins/external/artifactory-poller.jar] updated file contents /var/lib/go-server/plugins/external/artifactory-poller.jar
1480439135,,ui,message,    amazon-ebs: [2016-11-29T17:05:35+00:00] INFO: remote_file[/var/lib/go-server/plugins/external/artifactory-poller.jar] owner changed to 999
1480439135,,ui,message,    amazon-ebs: [2016-11-29T17:05:35+00:00] INFO: remote_file[/var/lib/go-server/plugins/external/artifactory-poller.jar] group changed to 999
1480439135,,ui,message,    amazon-ebs: [2016-11-29T17:05:35+00:00] INFO: remote_file[/var/lib/go-server/plugins/external/artifactory-poller.jar] mode changed to 770
1480439135,,ui,message,    amazon-ebs: [2016-11-29T17:05:35+00:00] INFO: Processing gocd_plugin[slack-notifier] action create (gocd-server::default line 21)
1480439135,,ui,message,    amazon-ebs: [2016-11-29T17:05:35+00:00] INFO: Processing remote_file[/var/lib/go-server/plugins/external/slack-notifier.jar] action create (/cookbooks/local-mode-cache/cache/cookbooks/gocd/resources/plugin.rb line 15)
1480439136,,ui,message,    amazon-ebs: [2016-11-29T17:05:37+00:00] INFO: remote_file[/var/lib/go-server/plugins/external/slack-notifier.jar] created file /var/lib/go-server/plugins/external/slack-notifier.jar
1480439137,,ui,message,    amazon-ebs: [2016-11-29T17:05:38+00:00] INFO: remote_file[/var/lib/go-server/plugins/external/slack-notifier.jar] updated file contents /var/lib/go-server/plugins/external/slack-notifier.jar
1480439137,,ui,message,    amazon-ebs: [2016-11-29T17:05:38+00:00] INFO: remote_file[/var/lib/go-server/plugins/external/slack-notifier.jar] owner changed to 999
1480439137,,ui,message,    amazon-ebs: [2016-11-29T17:05:38+00:00] INFO: remote_file[/var/lib/go-server/plugins/external/slack-notifier.jar] group changed to 999
1480439137,,ui,message,    amazon-ebs: [2016-11-29T17:05:38+00:00] INFO: remote_file[/var/lib/go-server/plugins/external/slack-notifier.jar] mode changed to 770
1480439137,,ui,message,    amazon-ebs: [2016-11-29T17:05:38+00:00] INFO: Processing gocd_plugin[github-oauth] action create (gocd-server::default line 26)
1480439137,,ui,message,    amazon-ebs: [2016-11-29T17:05:38+00:00] INFO: Processing remote_file[/var/lib/go-server/plugins/external/github-oauth.jar] action create (/cookbooks/local-mode-cache/cache/cookbooks/gocd/resources/plugin.rb line 15)
1480439139,,ui,message,    amazon-ebs: [2016-11-29T17:05:40+00:00] INFO: remote_file[/var/lib/go-server/plugins/external/github-oauth.jar] created file /var/lib/go-server/plugins/external/github-oauth.jar
1480439140,,ui,message,    amazon-ebs: [2016-11-29T17:05:40+00:00] INFO: remote_file[/var/lib/go-server/plugins/external/github-oauth.jar] updated file contents /var/lib/go-server/plugins/external/github-oauth.jar
1480439140,,ui,message,    amazon-ebs: [2016-11-29T17:05:41+00:00] INFO: remote_file[/var/lib/go-server/plugins/external/github-oauth.jar] owner changed to 999
1480439140,,ui,message,    amazon-ebs: [2016-11-29T17:05:41+00:00] INFO: remote_file[/var/lib/go-server/plugins/external/github-oauth.jar] group changed to 999
1480439140,,ui,message,    amazon-ebs: [2016-11-29T17:05:41+00:00] INFO: remote_file[/var/lib/go-server/plugins/external/github-oauth.jar] mode changed to 770
1480439140,,ui,message,    amazon-ebs: [2016-11-29T17:05:41+00:00] INFO: Processing apt_package[git] action install (gocd-server::default line 31)
1480439146,,ui,message,    amazon-ebs: [2016-11-29T17:05:46+00:00] INFO: apt_package[git] installed git at 1:1.9.1-1ubuntu0.3
1480439146,,ui,message,    amazon-ebs: [2016-11-29T17:05:46+00:00] INFO: Chef Run complete in 180.448432409 seconds
1480439146,,ui,message,    amazon-ebs: [2016-11-29T17:05:46+00:00] INFO: Running report handlers
1480439146,,ui,message,    amazon-ebs: [2016-11-29T17:05:46+00:00] INFO: Report handlers complete
1480439146,,ui,say,==> amazon-ebs: Stopping the source instance...
1480439147,,ui,say,==> amazon-ebs: Waiting for the instance to stop...
1480439171,,ui,say,==> amazon-ebs: Creating the AMI: gocd-server 1480438784
1480439171,,ui,message,    amazon-ebs: AMI: ami-5bb1ef28
1480439171,,ui,say,==> amazon-ebs: Waiting for AMI to become ready...
1480439518,,ui,say,==> amazon-ebs: Modifying attributes on AMI (ami-5bb1ef28)...
1480439518,,ui,message,    amazon-ebs: Modifying: description
1480439518,,ui,say,==> amazon-ebs: Adding tags to AMI (ami-5bb1ef28)...
1480439518,,ui,message,    amazon-ebs: Adding tag: "name": "gocd-server"
1480439518,,ui,message,    amazon-ebs: Adding tag: "created": "1480438784"
1480439518,,ui,say,==> amazon-ebs: Tagging snapshot: snap-4338ba25
1480439518,,ui,say,==> amazon-ebs: Terminating the source AWS instance...
1480439525,,ui,say,==> amazon-ebs: Cleaning up any extra volumes...
1480439525,,ui,say,==> amazon-ebs: No volumes to clean up%!(PACKER_COMMA) skipping
1480439525,,ui,say,==> amazon-ebs: Deleting temporary security group...
1480439525,,ui,say,==> amazon-ebs: Deleting temporary keypair...
1480439525,,ui,say,Build 'amazon-ebs' finished.
1480439525,,ui,say,\n==> Builds finished. The artifacts of successful builds are:
1480439525,amazon-ebs,artifact-count,1
1480439525,amazon-ebs,artifact,0,builder-id,mitchellh.amazonebs
1480439525,amazon-ebs,artifact,0,id,eu-west-1:ami-5bb1ef28
1480439525,amazon-ebs,artifact,0,string,AMIs were created:\n\neu-west-1: ami-5bb1ef28
1480439525,amazon-ebs,artifact,0,files-count,0
1480439525,amazon-ebs,artifact,0,end
1480439525,,ui,say,--> amazon-ebs: AMIs were created:\n\neu-west-1: ami-5bb1ef28
